[1, 18, 23, 31, 10, 0, 0]
--------------------
0
1416
--------------------
1
766
--------------------
2
2734
--------------------
3
--------------------
4
--------------------
5
--------------------
6
--------------------
7
--------------------
8
--------------------
9
1091
--------------------
10
--------------------
11
--------------------
12
3407
--------------------
13
--------------------
14
--------------------
15
23
--------------------
16
--------------------
17
3754
--------------------
18
70
--------------------
19
1207
--------------------
20
--------------------
21
--------------------
22
--------------------
23
979
--------------------
24
4090
--------------------
25
3097
--------------------
26
653
--------------------
27
--------------------
28
2179
--------------------
29
962
--------------------
30
4086
--------------------
31
929
--------------------
32
996
--------------------
33
--------------------
34
2975
--------------------
35
--------------------
36
--------------------
37
2876
--------------------
38
--------------------
39
2694
--------------------
40
--------------------
41
--------------------
42
3867
--------------------
43
--------------------
44
--------------------
45
--------------------
46
--------------------
47
--------------------
48
2588
--------------------
49
2343
--------------------
50
--------------------
51
--------------------
52
--------------------
53
--------------------
54
--------------------
55
48
--------------------
56
--------------------
57
1903
--------------------
58
--------------------
59
--------------------
60
--------------------
61
1359
--------------------
62
--------------------
63
--------------------
64
--------------------
65
--------------------
66
3381
--------------------
67
69
--------------------
68
1586
--------------------
69
2825
--------------------
70
2455
--------------------
71
530
--------------------
72
1679
--------------------
73
--------------------
74
3808
--------------------
75
--------------------
76
--------------------
77
--------------------
78
14
--------------------
79
--------------------
80
--------------------
81
--------------------
82
--------------------
83
--------------------
84
114
--------------------
85
798
--------------------
86
--------------------
87
186
--------------------
88
1244
--------------------
89
426
--------------------
90
--------------------
91
4178
--------------------
92
655
--------------------
93
--------------------
94
1212
--------------------
95
--------------------
96
2099
--------------------
97
3350
--------------------
98
--------------------
99
--------------------
100
60
--------------------
101
--------------------
102
--------------------
103
752
--------------------
104
2701
--------------------
105
--------------------
106
--------------------
107
--------------------
108
--------------------
109
--------------------
110
83
--------------------
111
--------------------
112
1527
--------------------
113
--------------------
114
--------------------
115
--------------------
116
--------------------
117
--------------------
118
1746
--------------------
119
--------------------
120
--------------------
121
1793
--------------------
122
638
--------------------
123
--------------------
124
--------------------
125
--------------------
126
--------------------
127
2624
--------------------
128
--------------------
129
--------------------
130
--------------------
131
2648
--------------------
132
--------------------
133
--------------------
134
4571
--------------------
135
778
--------------------
136
1337
--------------------
137
4812
--------------------
138
--------------------
139
--------------------
140
--------------------
141
--------------------
142
--------------------
143
641
--------------------
144
59
--------------------
145
1958
--------------------
146
2373
--------------------
147
4761
--------------------
148
--------------------
149
--------------------
150
1034
--------------------
151
--------------------
152
2707
--------------------
153
286
--------------------
154
--------------------
155
3430
--------------------
156
4519
--------------------
157
2453
--------------------
158
--------------------
159
--------------------
160
--------------------
161
--------------------
162
1194
--------------------
163
--------------------
164
--------------------
165
--------------------
166
55
--------------------
167
--------------------
168
--------------------
169
--------------------
170
--------------------
171
--------------------
172
3370
--------------------
173
3705
--------------------
174
--------------------
175
--------------------
176
2141
--------------------
177
4948
--------------------
178
--------------------
179
--------------------
180
--------------------
181
2249
--------------------
182
--------------------
183
45
--------------------
184
--------------------
185
--------------------
186
--------------------
187
--------------------
188
--------------------
189
--------------------
190
--------------------
191
--------------------
192
--------------------
193
3670
--------------------
194
1518
--------------------
195
--------------------
196
--------------------
197
--------------------
198
--------------------
199
254
--------------------
200
171
--------------------
201
--------------------
202
--------------------
203
--------------------
204
--------------------
205
4685
--------------------
206
--------------------
207
--------------------
208
--------------------
209
638
--------------------
210
--------------------
211
--------------------
212
1371
--------------------
213
--------------------
214
--------------------
215
--------------------
216
79
--------------------
217
1401
--------------------
218
--------------------
219
--------------------
220
49
--------------------
221
--------------------
222
--------------------
223
--------------------
224
725
--------------------
225
--------------------
226
4423
--------------------
227
3729
--------------------
228
--------------------
229
--------------------
230
--------------------
231
480
--------------------
232
--------------------
233
3521
--------------------
234
561
--------------------
235
2169
--------------------
236
376
--------------------
237
2073
--------------------
238
1790
--------------------
239
63
--------------------
240
3186
--------------------
241
3850
--------------------
242
--------------------
243
3690
--------------------
244
1647
--------------------
245
41
--------------------
246
--------------------
247
--------------------
248
557
--------------------
249
--------------------
250
--------------------
251
55
--------------------
252
--------------------
253
2166
--------------------
254
1217
--------------------
255
2744
--------------------
256
--------------------
257
3752
--------------------
258
--------------------
259
--------------------
260
2499
--------------------
261
1023
--------------------
262
--------------------
263
48
--------------------
264
--------------------
265
--------------------
266
--------------------
267
--------------------
268
--------------------
269
--------------------
270
27
--------------------
271
--------------------
272
--------------------
273
--------------------
274
--------------------
275
--------------------
276
1068
--------------------
277
2242
--------------------
278
--------------------
279
1886
--------------------
280
837
--------------------
281
--------------------
282
--------------------
283
2249
--------------------
284
--------------------
285
336
--------------------
286
--------------------
287
4003
--------------------
288
--------------------
289
--------------------
290
--------------------
291
166
--------------------
292
4879
--------------------
293
--------------------
294
36
--------------------
295
--------------------
296
--------------------
297
--------------------
298
257
--------------------
299
--------------------
300
--------------------
301
--------------------
302
4699
--------------------
303
--------------------
304
17
--------------------
305
2858
--------------------
306
--------------------
307
3511
--------------------
308
49
--------------------
309
--------------------
310
--------------------
311
--------------------
312
--------------------
313
--------------------
314
51
--------------------
315
--------------------
316
--------------------
317
--------------------
318
--------------------
319
21
--------------------
320
702
--------------------
321
--------------------
322
619
--------------------
323
--------------------
324
654
--------------------
325
4502
--------------------
326
--------------------
327
--------------------
328
4095
--------------------
329
384
--------------------
330
--------------------
331
--------------------
332
--------------------
333
--------------------
334
--------------------
335
--------------------
336
--------------------
337
654
--------------------
338
2825
--------------------
339
1446
--------------------
340
--------------------
341
--------------------
342
1552
--------------------
343
--------------------
344
--------------------
345
--------------------
346
--------------------
347
1197
--------------------
348
--------------------
349
--------------------
350
--------------------
351
--------------------
352
--------------------
353
4661
--------------------
354
322
--------------------
355
2284
--------------------
356
--------------------
357
1029
--------------------
358
--------------------
359
3433
--------------------
360
--------------------
361
4943
--------------------
362
--------------------
363
1482
--------------------
364
--------------------
365
--------------------
366
296
--------------------
367
--------------------
368
--------------------
369
--------------------
370
--------------------
371
2013
--------------------
372
193
--------------------
373
1052
--------------------
374
280
--------------------
375
--------------------
376
3484
--------------------
377
--------------------
378
2663
--------------------
379
80
--------------------
380
3253
--------------------
381
--------------------
382
--------------------
383
2322
--------------------
384
--------------------
385
--------------------
386
3510
--------------------
387
--------------------
388
775
--------------------
389
481
--------------------
390
--------------------
391
--------------------
392
--------------------
393
--------------------
394
--------------------
395
--------------------
396
--------------------
397
2292
--------------------
398
2355
--------------------
399
2340
1828.0538922155688
167
{0: [0, 1416], 1: [0, 766], 2: [0, 2734], 3: [1, 4999], 4: [1, 4999], 5: [1, 4999], 6: [1, 4999], 7: [1, 4999], 8: [1, 4999], 9: [0, 1091], 10: [1, 4999], 11: [1, 4999], 12: [0, 3407], 13: [1, 4999], 14: [1, 4999], 15: [0, 23], 16: [1, 4999], 17: [0, 3754], 18: [0, 70], 19: [0, 1207], 20: [1, 4999], 21: [1, 4999], 22: [1, 4999], 23: [0, 979], 24: [0, 4090], 25: [0, 3097], 26: [0, 653], 27: [1, 4999], 28: [0, 2179], 29: [0, 962], 30: [0, 4086], 31: [0, 929], 32: [0, 996], 33: [1, 4999], 34: [0, 2975], 35: [1, 4999], 36: [1, 4999], 37: [0, 2876], 38: [1, 4999], 39: [0, 2694], 40: [1, 4999], 41: [1, 4999], 42: [0, 3867], 43: [1, 4999], 44: [1, 4999], 45: [1, 4999], 46: [1, 4999], 47: [1, 4999], 48: [0, 2588], 49: [0, 2343], 50: [1, 4999], 51: [1, 4999], 52: [1, 4999], 53: [1, 4999], 54: [1, 4999], 55: [0, 48], 56: [1, 4999], 57: [0, 1903], 58: [1, 4999], 59: [1, 4999], 60: [1, 4999], 61: [0, 1359], 62: [1, 4999], 63: [1, 4999], 64: [1, 4999], 65: [1, 4999], 66: [0, 3381], 67: [0, 69], 68: [0, 1586], 69: [0, 2825], 70: [0, 2455], 71: [0, 530], 72: [0, 1679], 73: [1, 4999], 74: [0, 3808], 75: [1, 4999], 76: [1, 4999], 77: [1, 4999], 78: [0, 14], 79: [1, 4999], 80: [1, 4999], 81: [1, 4999], 82: [1, 4999], 83: [1, 4999], 84: [0, 114], 85: [0, 798], 86: [1, 4999], 87: [0, 186], 88: [0, 1244], 89: [0, 426], 90: [1, 4999], 91: [0, 4178], 92: [0, 655], 93: [1, 4999], 94: [0, 1212], 95: [1, 4999], 96: [0, 2099], 97: [0, 3350], 98: [1, 4999], 99: [1, 4999], 100: [0, 60], 101: [1, 4999], 102: [1, 4999], 103: [0, 752], 104: [0, 2701], 105: [1, 4999], 106: [1, 4999], 107: [1, 4999], 108: [1, 4999], 109: [1, 4999], 110: [0, 83], 111: [1, 4999], 112: [0, 1527], 113: [1, 4999], 114: [1, 4999], 115: [1, 4999], 116: [1, 4999], 117: [1, 4999], 118: [0, 1746], 119: [1, 4999], 120: [1, 4999], 121: [0, 1793], 122: [0, 638], 123: [1, 4999], 124: [1, 4999], 125: [1, 4999], 126: [1, 4999], 127: [0, 2624], 128: [1, 4999], 129: [1, 4999], 130: [1, 4999], 131: [0, 2648], 132: [1, 4999], 133: [1, 4999], 134: [0, 4571], 135: [0, 778], 136: [0, 1337], 137: [0, 4812], 138: [1, 4999], 139: [1, 4999], 140: [1, 4999], 141: [1, 4999], 142: [1, 4999], 143: [0, 641], 144: [0, 59], 145: [0, 1958], 146: [0, 2373], 147: [0, 4761], 148: [1, 4999], 149: [1, 4999], 150: [0, 1034], 151: [1, 4999], 152: [0, 2707], 153: [0, 286], 154: [1, 4999], 155: [0, 3430], 156: [0, 4519], 157: [0, 2453], 158: [1, 4999], 159: [1, 4999], 160: [1, 4999], 161: [1, 4999], 162: [0, 1194], 163: [1, 4999], 164: [1, 4999], 165: [1, 4999], 166: [0, 55], 167: [1, 4999], 168: [1, 4999], 169: [1, 4999], 170: [1, 4999], 171: [1, 4999], 172: [0, 3370], 173: [0, 3705], 174: [1, 4999], 175: [1, 4999], 176: [0, 2141], 177: [0, 4948], 178: [1, 4999], 179: [1, 4999], 180: [1, 4999], 181: [0, 2249], 182: [1, 4999], 183: [0, 45], 184: [1, 4999], 185: [1, 4999], 186: [1, 4999], 187: [1, 4999], 188: [1, 4999], 189: [1, 4999], 190: [1, 4999], 191: [1, 4999], 192: [1, 4999], 193: [0, 3670], 194: [0, 1518], 195: [1, 4999], 196: [1, 4999], 197: [1, 4999], 198: [1, 4999], 199: [0, 254], 200: [0, 171], 201: [1, 4999], 202: [1, 4999], 203: [1, 4999], 204: [1, 4999], 205: [0, 4685], 206: [1, 4999], 207: [1, 4999], 208: [1, 4999], 209: [0, 638], 210: [1, 4999], 211: [1, 4999], 212: [0, 1371], 213: [1, 4999], 214: [1, 4999], 215: [1, 4999], 216: [0, 79], 217: [0, 1401], 218: [1, 4999], 219: [1, 4999], 220: [0, 49], 221: [1, 4999], 222: [1, 4999], 223: [1, 4999], 224: [0, 725], 225: [1, 4999], 226: [0, 4423], 227: [0, 3729], 228: [1, 4999], 229: [1, 4999], 230: [1, 4999], 231: [0, 480], 232: [1, 4999], 233: [0, 3521], 234: [0, 561], 235: [0, 2169], 236: [0, 376], 237: [0, 2073], 238: [0, 1790], 239: [0, 63], 240: [0, 3186], 241: [0, 3850], 242: [1, 4999], 243: [0, 3690], 244: [0, 1647], 245: [0, 41], 246: [1, 4999], 247: [1, 4999], 248: [0, 557], 249: [1, 4999], 250: [1, 4999], 251: [0, 55], 252: [1, 4999], 253: [0, 2166], 254: [0, 1217], 255: [0, 2744], 256: [1, 4999], 257: [0, 3752], 258: [1, 4999], 259: [1, 4999], 260: [0, 2499], 261: [0, 1023], 262: [1, 4999], 263: [0, 48], 264: [1, 4999], 265: [1, 4999], 266: [1, 4999], 267: [1, 4999], 268: [1, 4999], 269: [1, 4999], 270: [0, 27], 271: [1, 4999], 272: [1, 4999], 273: [1, 4999], 274: [1, 4999], 275: [1, 4999], 276: [0, 1068], 277: [0, 2242], 278: [1, 4999], 279: [0, 1886], 280: [0, 837], 281: [1, 4999], 282: [1, 4999], 283: [0, 2249], 284: [1, 4999], 285: [0, 336], 286: [1, 4999], 287: [0, 4003], 288: [1, 4999], 289: [1, 4999], 290: [1, 4999], 291: [0, 166], 292: [0, 4879], 293: [1, 4999], 294: [0, 36], 295: [1, 4999], 296: [1, 4999], 297: [1, 4999], 298: [0, 257], 299: [1, 4999], 300: [1, 4999], 301: [1, 4999], 302: [0, 4699], 303: [1, 4999], 304: [0, 17], 305: [0, 2858], 306: [1, 4999], 307: [0, 3511], 308: [0, 49], 309: [1, 4999], 310: [1, 4999], 311: [1, 4999], 312: [1, 4999], 313: [1, 4999], 314: [0, 51], 315: [1, 4999], 316: [1, 4999], 317: [1, 4999], 318: [1, 4999], 319: [0, 21], 320: [0, 702], 321: [1, 4999], 322: [0, 619], 323: [1, 4999], 324: [0, 654], 325: [0, 4502], 326: [1, 4999], 327: [1, 4999], 328: [0, 4095], 329: [0, 384], 330: [1, 4999], 331: [1, 4999], 332: [1, 4999], 333: [1, 4999], 334: [1, 4999], 335: [1, 4999], 336: [1, 4999], 337: [0, 654], 338: [0, 2825], 339: [0, 1446], 340: [1, 4999], 341: [1, 4999], 342: [0, 1552], 343: [1, 4999], 344: [1, 4999], 345: [1, 4999], 346: [1, 4999], 347: [0, 1197], 348: [1, 4999], 349: [1, 4999], 350: [1, 4999], 351: [1, 4999], 352: [1, 4999], 353: [0, 4661], 354: [0, 322], 355: [0, 2284], 356: [1, 4999], 357: [0, 1029], 358: [1, 4999], 359: [0, 3433], 360: [1, 4999], 361: [0, 4943], 362: [1, 4999], 363: [0, 1482], 364: [1, 4999], 365: [1, 4999], 366: [0, 296], 367: [1, 4999], 368: [1, 4999], 369: [1, 4999], 370: [1, 4999], 371: [0, 2013], 372: [0, 193], 373: [0, 1052], 374: [0, 280], 375: [1, 4999], 376: [0, 3484], 377: [1, 4999], 378: [0, 2663], 379: [0, 80], 380: [0, 3253], 381: [1, 4999], 382: [1, 4999], 383: [0, 2322], 384: [1, 4999], 385: [1, 4999], 386: [0, 3510], 387: [1, 4999], 388: [0, 775], 389: [0, 481], 390: [1, 4999], 391: [1, 4999], 392: [1, 4999], 393: [1, 4999], 394: [1, 4999], 395: [1, 4999], 396: [1, 4999], 397: [0, 2292], 398: [0, 2355], 399: [0, 2340]}
