[1, 18, 23, 31, 10, 0, 0]
--------------------
0
1774
--------------------
1
637
--------------------
2
4506
--------------------
3
--------------------
4
--------------------
5
2979
--------------------
6
--------------------
7
4783
--------------------
8
3851
--------------------
9
--------------------
10
677
--------------------
11
--------------------
12
--------------------
13
--------------------
14
935
--------------------
15
--------------------
16
1080
--------------------
17
1356
--------------------
18
--------------------
19
--------------------
20
4012
--------------------
21
180
--------------------
22
--------------------
23
2840
--------------------
24
271
--------------------
25
--------------------
26
81
--------------------
27
1412
--------------------
28
2369
--------------------
29
409
--------------------
30
416
--------------------
31
--------------------
32
1115
--------------------
33
1373
--------------------
34
1320
--------------------
35
--------------------
36
617
--------------------
37
305
--------------------
38
4224
--------------------
39
2554
--------------------
40
169
--------------------
41
1487
--------------------
42
1788
--------------------
43
--------------------
44
1231
--------------------
45
--------------------
46
1438
--------------------
47
2105
--------------------
48
--------------------
49
3605
--------------------
50
2511
--------------------
51
--------------------
52
--------------------
53
2363
--------------------
54
128
--------------------
55
4777
--------------------
56
533
--------------------
57
545
--------------------
58
--------------------
59
100
--------------------
60
3274
--------------------
61
1454
--------------------
62
1319
--------------------
63
--------------------
64
--------------------
65
3294
--------------------
66
2059
--------------------
67
2225
--------------------
68
2062
--------------------
69
--------------------
70
3436
--------------------
71
2220
--------------------
72
2385
--------------------
73
--------------------
74
2584
--------------------
75
3124
--------------------
76
553
--------------------
77
--------------------
78
1225
--------------------
79
96
--------------------
80
--------------------
81
3541
--------------------
82
--------------------
83
472
--------------------
84
47
--------------------
85
4399
--------------------
86
2629
--------------------
87
19
--------------------
88
3620
--------------------
89
351
--------------------
90
131
--------------------
91
2128
--------------------
92
1812
--------------------
93
3981
--------------------
94
--------------------
95
--------------------
96
445
--------------------
97
2119
--------------------
98
682
--------------------
99
142
--------------------
100
--------------------
101
--------------------
102
1829
--------------------
103
--------------------
104
594
--------------------
105
2266
--------------------
106
2120
--------------------
107
--------------------
108
--------------------
109
--------------------
110
2173
--------------------
111
3477
--------------------
112
3147
--------------------
113
--------------------
114
--------------------
115
--------------------
116
1474
--------------------
117
--------------------
118
1969
--------------------
119
69
--------------------
120
4397
--------------------
121
3027
--------------------
122
--------------------
123
--------------------
124
--------------------
125
--------------------
126
--------------------
127
2290
--------------------
128
--------------------
129
--------------------
130
4197
--------------------
131
866
--------------------
132
710
--------------------
133
--------------------
134
--------------------
135
259
--------------------
136
3948
--------------------
137
1487
--------------------
138
829
--------------------
139
--------------------
140
--------------------
141
3436
--------------------
142
1568
--------------------
143
153
--------------------
144
959
--------------------
145
61
--------------------
146
2956
--------------------
147
137
--------------------
148
789
--------------------
149
--------------------
150
4414
--------------------
151
839
--------------------
152
--------------------
153
3055
--------------------
154
469
--------------------
155
2720
--------------------
156
3073
--------------------
157
1123
--------------------
158
--------------------
159
3202
--------------------
160
2673
--------------------
161
1507
--------------------
162
1437
--------------------
163
2716
--------------------
164
866
--------------------
165
1313
--------------------
166
87
--------------------
167
155
--------------------
168
3773
--------------------
169
--------------------
170
1518
--------------------
171
2230
--------------------
172
2191
--------------------
173
1317
--------------------
174
251
--------------------
175
--------------------
176
--------------------
177
955
--------------------
178
110
--------------------
179
803
--------------------
180
1204
--------------------
181
778
--------------------
182
--------------------
183
2064
--------------------
184
--------------------
185
1398
--------------------
186
4576
--------------------
187
923
--------------------
188
1857
--------------------
189
1885
--------------------
190
112
--------------------
191
2634
--------------------
192
757
--------------------
193
2977
--------------------
194
1395
--------------------
195
1366
--------------------
196
--------------------
197
--------------------
198
--------------------
199
1121
--------------------
200
--------------------
201
--------------------
202
1047
--------------------
203
355
--------------------
204
4577
--------------------
205
--------------------
206
--------------------
207
903
--------------------
208
--------------------
209
--------------------
210
442
--------------------
211
4468
--------------------
212
--------------------
213
1245
--------------------
214
1978
--------------------
215
1618
--------------------
216
402
--------------------
217
--------------------
218
--------------------
219
458
--------------------
220
331
--------------------
221
--------------------
222
--------------------
223
504
--------------------
224
913
--------------------
225
--------------------
226
3549
--------------------
227
--------------------
228
88
--------------------
229
--------------------
230
121
--------------------
231
2309
--------------------
232
78
--------------------
233
604
--------------------
234
1570
--------------------
235
2850
--------------------
236
227
--------------------
237
773
--------------------
238
314
--------------------
239
313
--------------------
240
782
--------------------
241
3248
--------------------
242
2714
--------------------
243
918
--------------------
244
2347
--------------------
245
--------------------
246
1049
--------------------
247
41
--------------------
248
413
--------------------
249
--------------------
250
3162
--------------------
251
--------------------
252
--------------------
253
984
--------------------
254
170
--------------------
255
4955
--------------------
256
3639
--------------------
257
3930
--------------------
258
2058
--------------------
259
1787
--------------------
260
571
--------------------
261
2094
--------------------
262
3917
--------------------
263
14
--------------------
264
841
--------------------
265
1089
--------------------
266
--------------------
267
71
--------------------
268
4755
--------------------
269
--------------------
270
53
--------------------
271
1919
--------------------
272
1978
--------------------
273
1273
--------------------
274
--------------------
275
1170
--------------------
276
328
--------------------
277
131
--------------------
278
1370
--------------------
279
496
--------------------
280
--------------------
281
1151
--------------------
282
1000
--------------------
283
472
--------------------
284
132
--------------------
285
4963
--------------------
286
2803
--------------------
287
718
--------------------
288
--------------------
289
--------------------
290
--------------------
291
3818
--------------------
292
197
--------------------
293
2428
--------------------
294
66
--------------------
295
--------------------
296
--------------------
297
3370
--------------------
298
356
--------------------
299
3007
--------------------
300
--------------------
301
1398
--------------------
302
3054
--------------------
303
--------------------
304
219
--------------------
305
211
--------------------
306
--------------------
307
2008
--------------------
308
76
--------------------
309
--------------------
310
235
--------------------
311
--------------------
312
350
--------------------
313
2081
--------------------
314
1202
--------------------
315
742
--------------------
316
--------------------
317
4092
--------------------
318
--------------------
319
21
--------------------
320
16
--------------------
321
1501
--------------------
322
599
--------------------
323
2008
--------------------
324
1704
--------------------
325
2992
--------------------
326
4735
--------------------
327
3736
--------------------
328
4071
--------------------
329
2254
--------------------
330
2015
--------------------
331
1644
--------------------
332
--------------------
333
3158
--------------------
334
--------------------
335
4972
--------------------
336
--------------------
337
616
--------------------
338
3740
--------------------
339
--------------------
340
1273
--------------------
341
3486
--------------------
342
--------------------
343
370
--------------------
344
1629
--------------------
345
--------------------
346
1110
--------------------
347
1016
--------------------
348
3559
--------------------
349
2591
--------------------
350
3693
--------------------
351
--------------------
352
--------------------
353
252
--------------------
354
1080
--------------------
355
1288
--------------------
356
3595
--------------------
357
158
--------------------
358
--------------------
359
3012
--------------------
360
396
--------------------
361
--------------------
362
2660
--------------------
363
1330
--------------------
364
756
--------------------
365
4643
--------------------
366
4730
--------------------
367
2824
--------------------
368
424
--------------------
369
2689
--------------------
370
1025
--------------------
371
3782
--------------------
372
130
--------------------
373
436
--------------------
374
3051
--------------------
375
305
--------------------
376
3077
--------------------
377
--------------------
378
--------------------
379
207
--------------------
380
2498
--------------------
381
1988
--------------------
382
--------------------
383
--------------------
384
1378
--------------------
385
4718
--------------------
386
951
--------------------
387
--------------------
388
192
--------------------
389
3661
--------------------
390
--------------------
391
2177
--------------------
392
1630
--------------------
393
192
--------------------
394
--------------------
395
1398
--------------------
396
4268
--------------------
397
--------------------
398
935
--------------------
399
47
1737.142857142857
287
{0: [0, 1774], 1: [0, 637], 2: [0, 4506], 3: [1, 4999], 4: [1, 4999], 5: [0, 2979], 6: [1, 4999], 7: [0, 4783], 8: [0, 3851], 9: [1, 4999], 10: [0, 677], 11: [1, 4999], 12: [1, 4999], 13: [1, 4999], 14: [0, 935], 15: [1, 4999], 16: [0, 1080], 17: [0, 1356], 18: [1, 4999], 19: [1, 4999], 20: [0, 4012], 21: [0, 180], 22: [1, 4999], 23: [0, 2840], 24: [0, 271], 25: [1, 4999], 26: [0, 81], 27: [0, 1412], 28: [0, 2369], 29: [0, 409], 30: [0, 416], 31: [1, 4999], 32: [0, 1115], 33: [0, 1373], 34: [0, 1320], 35: [1, 4999], 36: [0, 617], 37: [0, 305], 38: [0, 4224], 39: [0, 2554], 40: [0, 169], 41: [0, 1487], 42: [0, 1788], 43: [1, 4999], 44: [0, 1231], 45: [1, 4999], 46: [0, 1438], 47: [0, 2105], 48: [1, 4999], 49: [0, 3605], 50: [0, 2511], 51: [1, 4999], 52: [1, 4999], 53: [0, 2363], 54: [0, 128], 55: [0, 4777], 56: [0, 533], 57: [0, 545], 58: [1, 4999], 59: [0, 100], 60: [0, 3274], 61: [0, 1454], 62: [0, 1319], 63: [1, 4999], 64: [1, 4999], 65: [0, 3294], 66: [0, 2059], 67: [0, 2225], 68: [0, 2062], 69: [1, 4999], 70: [0, 3436], 71: [0, 2220], 72: [0, 2385], 73: [1, 4999], 74: [0, 2584], 75: [0, 3124], 76: [0, 553], 77: [1, 4999], 78: [0, 1225], 79: [0, 96], 80: [1, 4999], 81: [0, 3541], 82: [1, 4999], 83: [0, 472], 84: [0, 47], 85: [0, 4399], 86: [0, 2629], 87: [0, 19], 88: [0, 3620], 89: [0, 351], 90: [0, 131], 91: [0, 2128], 92: [0, 1812], 93: [0, 3981], 94: [1, 4999], 95: [1, 4999], 96: [0, 445], 97: [0, 2119], 98: [0, 682], 99: [0, 142], 100: [1, 4999], 101: [1, 4999], 102: [0, 1829], 103: [1, 4999], 104: [0, 594], 105: [0, 2266], 106: [0, 2120], 107: [1, 4999], 108: [1, 4999], 109: [1, 4999], 110: [0, 2173], 111: [0, 3477], 112: [0, 3147], 113: [1, 4999], 114: [1, 4999], 115: [1, 4999], 116: [0, 1474], 117: [1, 4999], 118: [0, 1969], 119: [0, 69], 120: [0, 4397], 121: [0, 3027], 122: [1, 4999], 123: [1, 4999], 124: [1, 4999], 125: [1, 4999], 126: [1, 4999], 127: [0, 2290], 128: [1, 4999], 129: [1, 4999], 130: [0, 4197], 131: [0, 866], 132: [0, 710], 133: [1, 4999], 134: [1, 4999], 135: [0, 259], 136: [0, 3948], 137: [0, 1487], 138: [0, 829], 139: [1, 4999], 140: [1, 4999], 141: [0, 3436], 142: [0, 1568], 143: [0, 153], 144: [0, 959], 145: [0, 61], 146: [0, 2956], 147: [0, 137], 148: [0, 789], 149: [1, 4999], 150: [0, 4414], 151: [0, 839], 152: [1, 4999], 153: [0, 3055], 154: [0, 469], 155: [0, 2720], 156: [0, 3073], 157: [0, 1123], 158: [1, 4999], 159: [0, 3202], 160: [0, 2673], 161: [0, 1507], 162: [0, 1437], 163: [0, 2716], 164: [0, 866], 165: [0, 1313], 166: [0, 87], 167: [0, 155], 168: [0, 3773], 169: [1, 4999], 170: [0, 1518], 171: [0, 2230], 172: [0, 2191], 173: [0, 1317], 174: [0, 251], 175: [1, 4999], 176: [1, 4999], 177: [0, 955], 178: [0, 110], 179: [0, 803], 180: [0, 1204], 181: [0, 778], 182: [1, 4999], 183: [0, 2064], 184: [1, 4999], 185: [0, 1398], 186: [0, 4576], 187: [0, 923], 188: [0, 1857], 189: [0, 1885], 190: [0, 112], 191: [0, 2634], 192: [0, 757], 193: [0, 2977], 194: [0, 1395], 195: [0, 1366], 196: [1, 4999], 197: [1, 4999], 198: [1, 4999], 199: [0, 1121], 200: [1, 4999], 201: [1, 4999], 202: [0, 1047], 203: [0, 355], 204: [0, 4577], 205: [1, 4999], 206: [1, 4999], 207: [0, 903], 208: [1, 4999], 209: [1, 4999], 210: [0, 442], 211: [0, 4468], 212: [1, 4999], 213: [0, 1245], 214: [0, 1978], 215: [0, 1618], 216: [0, 402], 217: [1, 4999], 218: [1, 4999], 219: [0, 458], 220: [0, 331], 221: [1, 4999], 222: [1, 4999], 223: [0, 504], 224: [0, 913], 225: [1, 4999], 226: [0, 3549], 227: [1, 4999], 228: [0, 88], 229: [1, 4999], 230: [0, 121], 231: [0, 2309], 232: [0, 78], 233: [0, 604], 234: [0, 1570], 235: [0, 2850], 236: [0, 227], 237: [0, 773], 238: [0, 314], 239: [0, 313], 240: [0, 782], 241: [0, 3248], 242: [0, 2714], 243: [0, 918], 244: [0, 2347], 245: [1, 4999], 246: [0, 1049], 247: [0, 41], 248: [0, 413], 249: [1, 4999], 250: [0, 3162], 251: [1, 4999], 252: [1, 4999], 253: [0, 984], 254: [0, 170], 255: [0, 4955], 256: [0, 3639], 257: [0, 3930], 258: [0, 2058], 259: [0, 1787], 260: [0, 571], 261: [0, 2094], 262: [0, 3917], 263: [0, 14], 264: [0, 841], 265: [0, 1089], 266: [1, 4999], 267: [0, 71], 268: [0, 4755], 269: [1, 4999], 270: [0, 53], 271: [0, 1919], 272: [0, 1978], 273: [0, 1273], 274: [1, 4999], 275: [0, 1170], 276: [0, 328], 277: [0, 131], 278: [0, 1370], 279: [0, 496], 280: [1, 4999], 281: [0, 1151], 282: [0, 1000], 283: [0, 472], 284: [0, 132], 285: [0, 4963], 286: [0, 2803], 287: [0, 718], 288: [1, 4999], 289: [1, 4999], 290: [1, 4999], 291: [0, 3818], 292: [0, 197], 293: [0, 2428], 294: [0, 66], 295: [1, 4999], 296: [1, 4999], 297: [0, 3370], 298: [0, 356], 299: [0, 3007], 300: [1, 4999], 301: [0, 1398], 302: [0, 3054], 303: [1, 4999], 304: [0, 219], 305: [0, 211], 306: [1, 4999], 307: [0, 2008], 308: [0, 76], 309: [1, 4999], 310: [0, 235], 311: [1, 4999], 312: [0, 350], 313: [0, 2081], 314: [0, 1202], 315: [0, 742], 316: [1, 4999], 317: [0, 4092], 318: [1, 4999], 319: [0, 21], 320: [0, 16], 321: [0, 1501], 322: [0, 599], 323: [0, 2008], 324: [0, 1704], 325: [0, 2992], 326: [0, 4735], 327: [0, 3736], 328: [0, 4071], 329: [0, 2254], 330: [0, 2015], 331: [0, 1644], 332: [1, 4999], 333: [0, 3158], 334: [1, 4999], 335: [0, 4972], 336: [1, 4999], 337: [0, 616], 338: [0, 3740], 339: [1, 4999], 340: [0, 1273], 341: [0, 3486], 342: [1, 4999], 343: [0, 370], 344: [0, 1629], 345: [1, 4999], 346: [0, 1110], 347: [0, 1016], 348: [0, 3559], 349: [0, 2591], 350: [0, 3693], 351: [1, 4999], 352: [1, 4999], 353: [0, 252], 354: [0, 1080], 355: [0, 1288], 356: [0, 3595], 357: [0, 158], 358: [1, 4999], 359: [0, 3012], 360: [0, 396], 361: [1, 4999], 362: [0, 2660], 363: [0, 1330], 364: [0, 756], 365: [0, 4643], 366: [0, 4730], 367: [0, 2824], 368: [0, 424], 369: [0, 2689], 370: [0, 1025], 371: [0, 3782], 372: [0, 130], 373: [0, 436], 374: [0, 3051], 375: [0, 305], 376: [0, 3077], 377: [1, 4999], 378: [1, 4999], 379: [0, 207], 380: [0, 2498], 381: [0, 1988], 382: [1, 4999], 383: [1, 4999], 384: [0, 1378], 385: [0, 4718], 386: [0, 951], 387: [1, 4999], 388: [0, 192], 389: [0, 3661], 390: [1, 4999], 391: [0, 2177], 392: [0, 1630], 393: [0, 192], 394: [1, 4999], 395: [0, 1398], 396: [0, 4268], 397: [1, 4999], 398: [0, 935], 399: [0, 47]}
