[1, 18, 23, 31, 10, 0, 0]
[1, 18, 23, 31, 10, 0, 0]
--------------------
0
--------------------
1
--------------------
2
4283
--------------------
3
--------------------
4
--------------------
5
1759
--------------------
6
966
--------------------
7
1868
--------------------
8
73
--------------------
9
2261
--------------------
10
2672
--------------------
11
--------------------
12
2308
--------------------
13
--------------------
14
3764
--------------------
15
13
--------------------
16
4705
--------------------
17
--------------------
18
252
--------------------
19
--------------------
20
2762
--------------------
21
713
--------------------
22
--------------------
23
799
--------------------
24
--------------------
25
--------------------
26
4802
--------------------
27
3771
--------------------
28
4763
--------------------
29
234
--------------------
30
1354
--------------------
31
1061
--------------------
32
1680
--------------------
33
665
--------------------
34
--------------------
35
1008
--------------------
36
4472
--------------------
37
--------------------
38
--------------------
39
255
--------------------
40
--------------------
41
1726
--------------------
42
3961
--------------------
43
--------------------
44
3079
--------------------
45
--------------------
46
3633
--------------------
47
3859
--------------------
48
1078
--------------------
49
607
--------------------
50
--------------------
51
--------------------
52
--------------------
53
2928
--------------------
54
785
--------------------
55
2695
--------------------
56
327
--------------------
57
486
--------------------
58
--------------------
59
74
--------------------
60
1577
--------------------
61
4767
--------------------
62
513
--------------------
63
158
--------------------
64
884
--------------------
65
4205
--------------------
66
4848
--------------------
67
1011
--------------------
68
2668
--------------------
69
--------------------
70
784
--------------------
71
477
--------------------
72
--------------------
73
--------------------
74
2299
--------------------
75
135
--------------------
76
146
--------------------
77
--------------------
78
--------------------
79
77
--------------------
80
--------------------
81
--------------------
82
1995
--------------------
83
543
--------------------
84
--------------------
85
950
--------------------
86
196
--------------------
87
130
--------------------
88
647
--------------------
89
905
--------------------
90
24
--------------------
91
1779
--------------------
92
4826
--------------------
93
4529
--------------------
94
1067
--------------------
95
1404
--------------------
96
96
--------------------
97
302
--------------------
98
--------------------
99
492
--------------------
100
118
--------------------
101
4336
--------------------
102
2697
--------------------
103
--------------------
104
485
--------------------
105
3659
--------------------
106
4416
--------------------
107
--------------------
108
1567
--------------------
109
--------------------
110
2653
--------------------
111
354
--------------------
112
274
--------------------
113
88
--------------------
114
--------------------
115
--------------------
116
--------------------
117
--------------------
118
1828
--------------------
119
--------------------
120
3460
--------------------
121
--------------------
122
4760
--------------------
123
--------------------
124
--------------------
125
--------------------
126
1033
--------------------
127
3520
--------------------
128
--------------------
129
1884
--------------------
130
582
--------------------
131
3186
--------------------
132
1213
--------------------
133
3201
--------------------
134
3534
--------------------
135
943
--------------------
136
4355
--------------------
137
72
--------------------
138
--------------------
139
3577
--------------------
140
--------------------
141
843
--------------------
142
953
--------------------
143
527
--------------------
144
--------------------
145
44
--------------------
146
1563
--------------------
147
168
--------------------
148
2698
--------------------
149
--------------------
150
1745
--------------------
151
1988
--------------------
152
1552
--------------------
153
3533
--------------------
154
159
--------------------
155
519
--------------------
156
678
--------------------
157
--------------------
158
--------------------
159
1736
--------------------
160
3417
--------------------
161
792
--------------------
162
671
--------------------
163
--------------------
164
925
--------------------
165
864
--------------------
166
238
--------------------
167
3469
--------------------
168
--------------------
169
--------------------
170
251
--------------------
171
3262
--------------------
172
1000
--------------------
173
505
--------------------
174
--------------------
175
169
--------------------
176
--------------------
177
784
--------------------
178
--------------------
179
294
--------------------
180
2352
--------------------
181
244
--------------------
182
--------------------
183
964
--------------------
184
--------------------
185
1624
--------------------
186
--------------------
187
4352
--------------------
188
1589
--------------------
189
918
--------------------
190
56
--------------------
191
2804
--------------------
192
442
--------------------
193
1460
--------------------
194
220
--------------------
195
1892
--------------------
196
774
--------------------
197
--------------------
198
850
--------------------
199
--------------------
200
47
--------------------
201
4575
--------------------
202
678
--------------------
203
794
--------------------
204
257
--------------------
205
1000
--------------------
206
674
--------------------
207
655
--------------------
208
--------------------
209
1387
--------------------
210
--------------------
211
767
--------------------
212
1298
--------------------
213
375
--------------------
214
--------------------
215
--------------------
216
1309
--------------------
217
1112
--------------------
218
4544
--------------------
219
157
--------------------
220
21
--------------------
221
--------------------
222
--------------------
223
3262
--------------------
224
3728
--------------------
225
--------------------
226
1581
--------------------
227
816
--------------------
228
--------------------
229
--------------------
230
115
--------------------
231
--------------------
232
123
--------------------
233
--------------------
234
1955
--------------------
235
1787
--------------------
236
741
--------------------
237
--------------------
238
353
--------------------
239
--------------------
240
3808
--------------------
241
--------------------
242
4012
--------------------
243
2162
--------------------
244
952
--------------------
245
--------------------
246
1123
--------------------
247
--------------------
248
3232
--------------------
249
--------------------
250
--------------------
251
20
--------------------
252
--------------------
253
3574
--------------------
254
965
--------------------
255
--------------------
256
2243
--------------------
257
3388
--------------------
258
--------------------
259
107
--------------------
260
138
--------------------
261
855
--------------------
262
564
--------------------
263
17
--------------------
264
--------------------
265
3250
--------------------
266
536
--------------------
267
948
--------------------
268
407
--------------------
269
1330
--------------------
270
100
--------------------
271
1513
--------------------
272
807
--------------------
273
4513
--------------------
274
--------------------
275
429
--------------------
276
--------------------
277
207
--------------------
278
2161
--------------------
279
1864
--------------------
280
1944
--------------------
281
--------------------
282
509
--------------------
283
--------------------
284
--------------------
285
77
--------------------
286
1626
--------------------
287
441
--------------------
288
550
--------------------
289
--------------------
290
387
--------------------
291
--------------------
292
621
--------------------
293
--------------------
294
1128
--------------------
295
--------------------
296
--------------------
297
375
--------------------
298
631
--------------------
299
2534
--------------------
300
1966
--------------------
301
--------------------
302
--------------------
303
--------------------
304
53
--------------------
305
1014
--------------------
306
1416
--------------------
307
1205
--------------------
308
49
--------------------
309
787
--------------------
310
2556
--------------------
311
--------------------
312
2398
--------------------
313
--------------------
314
415
--------------------
315
745
--------------------
316
1299
--------------------
317
2065
--------------------
318
--------------------
319
24
--------------------
320
--------------------
321
--------------------
322
1510
--------------------
323
2360
--------------------
324
--------------------
325
1412
--------------------
326
1095
--------------------
327
1630
--------------------
328
--------------------
329
2555
--------------------
330
2537
--------------------
331
1765
--------------------
332
--------------------
333
820
--------------------
334
--------------------
335
--------------------
336
3154
--------------------
337
1037
--------------------
338
998
--------------------
339
--------------------
340
2010
--------------------
341
1109
--------------------
342
165
--------------------
343
1222
--------------------
344
1714
--------------------
345
--------------------
346
4985
--------------------
347
--------------------
348
--------------------
349
1013
--------------------
350
928
--------------------
351
--------------------
352
--------------------
353
564
--------------------
354
1609
--------------------
355
144
--------------------
356
--------------------
357
1914
--------------------
358
--------------------
359
--------------------
360
604
--------------------
361
988
--------------------
362
2553
--------------------
363
155
--------------------
364
--------------------
365
--------------------
366
4403
--------------------
367
755
--------------------
368
--------------------
369
894
--------------------
370
3435
--------------------
371
2414
--------------------
372
359
--------------------
373
1307
--------------------
374
4694
--------------------
375
3739
--------------------
376
--------------------
377
--------------------
378
--------------------
379
929
--------------------
380
3112
--------------------
381
484
--------------------
382
--------------------
383
--------------------
384
1160
--------------------
385
--------------------
386
--------------------
387
34
--------------------
388
301
--------------------
389
1672
--------------------
390
1549
--------------------
391
--------------------
392
3309
--------------------
393
459
--------------------
394
--------------------
395
126
--------------------
396
110
--------------------
397
3287
--------------------
398
--------------------
399
87
1552.886446886447
273
{0: [1, 4999], 1: [1, 4999], 2: [0, 4283], 3: [1, 4999], 4: [1, 4999], 5: [0, 1759], 6: [0, 966], 7: [0, 1868], 8: [0, 73], 9: [0, 2261], 10: [0, 2672], 11: [1, 4999], 12: [0, 2308], 13: [1, 4999], 14: [0, 3764], 15: [0, 13], 16: [0, 4705], 17: [1, 4999], 18: [0, 252], 19: [1, 4999], 20: [0, 2762], 21: [0, 713], 22: [1, 4999], 23: [0, 799], 24: [1, 4999], 25: [1, 4999], 26: [0, 4802], 27: [0, 3771], 28: [0, 4763], 29: [0, 234], 30: [0, 1354], 31: [0, 1061], 32: [0, 1680], 33: [0, 665], 34: [1, 4999], 35: [0, 1008], 36: [0, 4472], 37: [1, 4999], 38: [1, 4999], 39: [0, 255], 40: [1, 4999], 41: [0, 1726], 42: [0, 3961], 43: [1, 4999], 44: [0, 3079], 45: [1, 4999], 46: [0, 3633], 47: [0, 3859], 48: [0, 1078], 49: [0, 607], 50: [1, 4999], 51: [1, 4999], 52: [1, 4999], 53: [0, 2928], 54: [0, 785], 55: [0, 2695], 56: [0, 327], 57: [0, 486], 58: [1, 4999], 59: [0, 74], 60: [0, 1577], 61: [0, 4767], 62: [0, 513], 63: [0, 158], 64: [0, 884], 65: [0, 4205], 66: [0, 4848], 67: [0, 1011], 68: [0, 2668], 69: [1, 4999], 70: [0, 784], 71: [0, 477], 72: [1, 4999], 73: [1, 4999], 74: [0, 2299], 75: [0, 135], 76: [0, 146], 77: [1, 4999], 78: [1, 4999], 79: [0, 77], 80: [1, 4999], 81: [1, 4999], 82: [0, 1995], 83: [0, 543], 84: [1, 4999], 85: [0, 950], 86: [0, 196], 87: [0, 130], 88: [0, 647], 89: [0, 905], 90: [0, 24], 91: [0, 1779], 92: [0, 4826], 93: [0, 4529], 94: [0, 1067], 95: [0, 1404], 96: [0, 96], 97: [0, 302], 98: [1, 4999], 99: [0, 492], 100: [0, 118], 101: [0, 4336], 102: [0, 2697], 103: [1, 4999], 104: [0, 485], 105: [0, 3659], 106: [0, 4416], 107: [1, 4999], 108: [0, 1567], 109: [1, 4999], 110: [0, 2653], 111: [0, 354], 112: [0, 274], 113: [0, 88], 114: [1, 4999], 115: [1, 4999], 116: [1, 4999], 117: [1, 4999], 118: [0, 1828], 119: [1, 4999], 120: [0, 3460], 121: [1, 4999], 122: [0, 4760], 123: [1, 4999], 124: [1, 4999], 125: [1, 4999], 126: [0, 1033], 127: [0, 3520], 128: [1, 4999], 129: [0, 1884], 130: [0, 582], 131: [0, 3186], 132: [0, 1213], 133: [0, 3201], 134: [0, 3534], 135: [0, 943], 136: [0, 4355], 137: [0, 72], 138: [1, 4999], 139: [0, 3577], 140: [1, 4999], 141: [0, 843], 142: [0, 953], 143: [0, 527], 144: [1, 4999], 145: [0, 44], 146: [0, 1563], 147: [0, 168], 148: [0, 2698], 149: [1, 4999], 150: [0, 1745], 151: [0, 1988], 152: [0, 1552], 153: [0, 3533], 154: [0, 159], 155: [0, 519], 156: [0, 678], 157: [1, 4999], 158: [1, 4999], 159: [0, 1736], 160: [0, 3417], 161: [0, 792], 162: [0, 671], 163: [1, 4999], 164: [0, 925], 165: [0, 864], 166: [0, 238], 167: [0, 3469], 168: [1, 4999], 169: [1, 4999], 170: [0, 251], 171: [0, 3262], 172: [0, 1000], 173: [0, 505], 174: [1, 4999], 175: [0, 169], 176: [1, 4999], 177: [0, 784], 178: [1, 4999], 179: [0, 294], 180: [0, 2352], 181: [0, 244], 182: [1, 4999], 183: [0, 964], 184: [1, 4999], 185: [0, 1624], 186: [1, 4999], 187: [0, 4352], 188: [0, 1589], 189: [0, 918], 190: [0, 56], 191: [0, 2804], 192: [0, 442], 193: [0, 1460], 194: [0, 220], 195: [0, 1892], 196: [0, 774], 197: [1, 4999], 198: [0, 850], 199: [1, 4999], 200: [0, 47], 201: [0, 4575], 202: [0, 678], 203: [0, 794], 204: [0, 257], 205: [0, 1000], 206: [0, 674], 207: [0, 655], 208: [1, 4999], 209: [0, 1387], 210: [1, 4999], 211: [0, 767], 212: [0, 1298], 213: [0, 375], 214: [1, 4999], 215: [1, 4999], 216: [0, 1309], 217: [0, 1112], 218: [0, 4544], 219: [0, 157], 220: [0, 21], 221: [1, 4999], 222: [1, 4999], 223: [0, 3262], 224: [0, 3728], 225: [1, 4999], 226: [0, 1581], 227: [0, 816], 228: [1, 4999], 229: [1, 4999], 230: [0, 115], 231: [1, 4999], 232: [0, 123], 233: [1, 4999], 234: [0, 1955], 235: [0, 1787], 236: [0, 741], 237: [1, 4999], 238: [0, 353], 239: [1, 4999], 240: [0, 3808], 241: [1, 4999], 242: [0, 4012], 243: [0, 2162], 244: [0, 952], 245: [1, 4999], 246: [0, 1123], 247: [1, 4999], 248: [0, 3232], 249: [1, 4999], 250: [1, 4999], 251: [0, 20], 252: [1, 4999], 253: [0, 3574], 254: [0, 965], 255: [1, 4999], 256: [0, 2243], 257: [0, 3388], 258: [1, 4999], 259: [0, 107], 260: [0, 138], 261: [0, 855], 262: [0, 564], 263: [0, 17], 264: [1, 4999], 265: [0, 3250], 266: [0, 536], 267: [0, 948], 268: [0, 407], 269: [0, 1330], 270: [0, 100], 271: [0, 1513], 272: [0, 807], 273: [0, 4513], 274: [1, 4999], 275: [0, 429], 276: [1, 4999], 277: [0, 207], 278: [0, 2161], 279: [0, 1864], 280: [0, 1944], 281: [1, 4999], 282: [0, 509], 283: [1, 4999], 284: [1, 4999], 285: [0, 77], 286: [0, 1626], 287: [0, 441], 288: [0, 550], 289: [1, 4999], 290: [0, 387], 291: [1, 4999], 292: [0, 621], 293: [1, 4999], 294: [0, 1128], 295: [1, 4999], 296: [1, 4999], 297: [0, 375], 298: [0, 631], 299: [0, 2534], 300: [0, 1966], 301: [1, 4999], 302: [1, 4999], 303: [1, 4999], 304: [0, 53], 305: [0, 1014], 306: [0, 1416], 307: [0, 1205], 308: [0, 49], 309: [0, 787], 310: [0, 2556], 311: [1, 4999], 312: [0, 2398], 313: [1, 4999], 314: [0, 415], 315: [0, 745], 316: [0, 1299], 317: [0, 2065], 318: [1, 4999], 319: [0, 24], 320: [1, 4999], 321: [1, 4999], 322: [0, 1510], 323: [0, 2360], 324: [1, 4999], 325: [0, 1412], 326: [0, 1095], 327: [0, 1630], 328: [1, 4999], 329: [0, 2555], 330: [0, 2537], 331: [0, 1765], 332: [1, 4999], 333: [0, 820], 334: [1, 4999], 335: [1, 4999], 336: [0, 3154], 337: [0, 1037], 338: [0, 998], 339: [1, 4999], 340: [0, 2010], 341: [0, 1109], 342: [0, 165], 343: [0, 1222], 344: [0, 1714], 345: [1, 4999], 346: [0, 4985], 347: [1, 4999], 348: [1, 4999], 349: [0, 1013], 350: [0, 928], 351: [1, 4999], 352: [1, 4999], 353: [0, 564], 354: [0, 1609], 355: [0, 144], 356: [1, 4999], 357: [0, 1914], 358: [1, 4999], 359: [1, 4999], 360: [0, 604], 361: [0, 988], 362: [0, 2553], 363: [0, 155], 364: [1, 4999], 365: [1, 4999], 366: [0, 4403], 367: [0, 755], 368: [1, 4999], 369: [0, 894], 370: [0, 3435], 371: [0, 2414], 372: [0, 359], 373: [0, 1307], 374: [0, 4694], 375: [0, 3739], 376: [1, 4999], 377: [1, 4999], 378: [1, 4999], 379: [0, 929], 380: [0, 3112], 381: [0, 484], 382: [1, 4999], 383: [1, 4999], 384: [0, 1160], 385: [1, 4999], 386: [1, 4999], 387: [0, 34], 388: [0, 301], 389: [0, 1672], 390: [0, 1549], 391: [1, 4999], 392: [0, 3309], 393: [0, 459], 394: [1, 4999], 395: [0, 126], 396: [0, 110], 397: [0, 3287], 398: [1, 4999], 399: [0, 87]}
