[1, 2, 10, 36, 27, 7, 0]
--------------------
0
3384
--------------------
1
2604
--------------------
2
210
--------------------
3
--------------------
4
--------------------
5
2837
--------------------
6
1300
--------------------
7
384
--------------------
8
4392
--------------------
9
3247
--------------------
10
4375
--------------------
11
3810
--------------------
12
3836
--------------------
13
--------------------
14
4923
--------------------
15
4948
--------------------
16
1447
--------------------
17
1584
--------------------
18
--------------------
19
99
--------------------
20
3773
--------------------
21
2076
--------------------
22
3851
--------------------
23
1594
--------------------
24
--------------------
25
2433
--------------------
26
2328
--------------------
27
2795
--------------------
28
1972
--------------------
29
1603
--------------------
30
3735
--------------------
31
--------------------
32
2017
--------------------
33
1064
--------------------
34
883
--------------------
35
2713
--------------------
36
1478
--------------------
37
1885
--------------------
38
3477
--------------------
39
--------------------
40
4662
--------------------
41
998
--------------------
42
1153
--------------------
43
3803
--------------------
44
2458
--------------------
45
2950
--------------------
46
31
--------------------
47
1155
--------------------
48
3588
--------------------
49
2298
--------------------
50
2310
--------------------
51
--------------------
52
--------------------
53
3290
--------------------
54
--------------------
55
132
--------------------
56
3078
--------------------
57
1629
--------------------
58
1243
--------------------
59
2077
--------------------
60
4232
--------------------
61
3760
--------------------
62
--------------------
63
3115
--------------------
64
785
--------------------
65
--------------------
66
527
--------------------
67
39
--------------------
68
3162
--------------------
69
96
--------------------
70
4414
--------------------
71
3223
--------------------
72
70
--------------------
73
--------------------
74
--------------------
75
--------------------
76
2182
--------------------
77
973
--------------------
78
3160
--------------------
79
--------------------
80
3730
--------------------
81
2221
--------------------
82
--------------------
83
4451
--------------------
84
--------------------
85
3207
--------------------
86
--------------------
87
4379
--------------------
88
1754
--------------------
89
33
--------------------
90
4670
--------------------
91
16
--------------------
92
2785
--------------------
93
1012
--------------------
94
1320
--------------------
95
3257
--------------------
96
1024
--------------------
97
1915
--------------------
98
787
--------------------
99
1530
--------------------
100
1569
--------------------
101
2000
--------------------
102
1813
--------------------
103
1280
--------------------
104
1992
--------------------
105
975
--------------------
106
3882
--------------------
107
1741
--------------------
108
--------------------
109
--------------------
110
2878
--------------------
111
--------------------
112
1946
--------------------
113
2183
--------------------
114
1506
--------------------
115
4230
--------------------
116
754
--------------------
117
2221
--------------------
118
2792
--------------------
119
4226
--------------------
120
1355
--------------------
121
431
--------------------
122
3540
--------------------
123
142
--------------------
124
3595
--------------------
125
--------------------
126
2205
--------------------
127
9
--------------------
128
4614
--------------------
129
4243
--------------------
130
630
--------------------
131
4974
--------------------
132
3842
--------------------
133
--------------------
134
3748
--------------------
135
2762
--------------------
136
555
--------------------
137
53
--------------------
138
2894
--------------------
139
1629
--------------------
140
40
--------------------
141
--------------------
142
4000
--------------------
143
2833
--------------------
144
--------------------
145
3094
--------------------
146
840
--------------------
147
4926
--------------------
148
4006
--------------------
149
51
--------------------
150
2306
--------------------
151
2925
--------------------
152
1419
--------------------
153
--------------------
154
2743
--------------------
155
2899
--------------------
156
4738
--------------------
157
3508
--------------------
158
4546
--------------------
159
3937
--------------------
160
3286
--------------------
161
2250
--------------------
162
25
--------------------
163
1623
--------------------
164
31
--------------------
165
62
--------------------
166
3645
--------------------
167
2736
--------------------
168
3463
--------------------
169
--------------------
170
1887
--------------------
171
1777
--------------------
172
1006
--------------------
173
2530
--------------------
174
2733
--------------------
175
1283
--------------------
176
3210
--------------------
177
--------------------
178
4147
--------------------
179
2689
--------------------
180
4670
--------------------
181
2215
--------------------
182
4603
--------------------
183
2759
--------------------
184
3349
--------------------
185
4716
--------------------
186
1568
--------------------
187
3266
--------------------
188
3870
--------------------
189
1412
--------------------
190
22
--------------------
191
2248
--------------------
192
1121
--------------------
193
2455
--------------------
194
4132
--------------------
195
--------------------
196
1670
--------------------
197
1823
--------------------
198
133
--------------------
199
2266
--------------------
200
1103
--------------------
201
401
--------------------
202
1891
--------------------
203
275
--------------------
204
--------------------
205
2938
--------------------
206
304
--------------------
207
1573
--------------------
208
--------------------
209
2713
--------------------
210
2875
--------------------
211
3425
--------------------
212
2327
--------------------
213
4117
--------------------
214
1783
--------------------
215
10
--------------------
216
2860
--------------------
217
4228
--------------------
218
1267
--------------------
219
2927
--------------------
220
4685
--------------------
221
--------------------
222
2449
--------------------
223
1982
--------------------
224
261
--------------------
225
1532
--------------------
226
--------------------
227
--------------------
228
1734
--------------------
229
1603
--------------------
230
--------------------
231
3377
--------------------
232
--------------------
233
--------------------
234
2629
--------------------
235
1078
--------------------
236
1680
--------------------
237
4165
--------------------
238
3309
--------------------
239
4509
--------------------
240
3823
--------------------
241
2148
--------------------
242
1498
--------------------
243
1940
--------------------
244
4901
--------------------
245
1846
--------------------
246
3487
--------------------
247
2158
--------------------
248
2890
--------------------
249
--------------------
250
3499
--------------------
251
3050
--------------------
252
3153
--------------------
253
1545
--------------------
254
1272
--------------------
255
40
--------------------
256
2872
--------------------
257
--------------------
258
599
--------------------
259
471
--------------------
260
3621
--------------------
261
3322
--------------------
262
3285
--------------------
263
4342
--------------------
264
4929
--------------------
265
3999
--------------------
266
150
--------------------
267
4108
--------------------
268
1746
--------------------
269
909
--------------------
270
2893
--------------------
271
4528
--------------------
272
4412
--------------------
273
3306
--------------------
274
--------------------
275
1970
--------------------
276
2211
--------------------
277
1014
--------------------
278
--------------------
279
3609
--------------------
280
2314
--------------------
281
3308
--------------------
282
1726
--------------------
283
1369
--------------------
284
4044
--------------------
285
3911
--------------------
286
4908
--------------------
287
3116
--------------------
288
3345
--------------------
289
2973
--------------------
290
1658
--------------------
291
2025
--------------------
292
--------------------
293
4275
--------------------
294
2243
--------------------
295
789
--------------------
296
18
--------------------
297
1621
--------------------
298
2098
--------------------
299
2816
--------------------
300
3208
--------------------
301
--------------------
302
1835
--------------------
303
185
--------------------
304
4065
--------------------
305
--------------------
306
3528
--------------------
307
--------------------
308
3852
--------------------
309
822
--------------------
310
2310
--------------------
311
1527
--------------------
312
--------------------
313
1451
--------------------
314
--------------------
315
--------------------
316
4881
--------------------
317
1660
--------------------
318
19
--------------------
319
552
--------------------
320
2478
--------------------
321
--------------------
322
--------------------
323
--------------------
324
1606
--------------------
325
2703
--------------------
326
--------------------
327
1832
--------------------
328
3907
--------------------
329
3746
--------------------
330
--------------------
331
1751
--------------------
332
3977
--------------------
333
1235
--------------------
334
3162
--------------------
335
3380
--------------------
336
2348
--------------------
337
--------------------
338
3353
--------------------
339
1117
--------------------
340
4667
--------------------
341
2835
--------------------
342
3836
--------------------
343
1228
--------------------
344
2722
--------------------
345
2578
--------------------
346
2088
--------------------
347
3355
--------------------
348
4016
--------------------
349
1168
--------------------
350
1066
--------------------
351
3122
--------------------
352
3089
--------------------
353
101
--------------------
354
4790
--------------------
355
--------------------
356
618
--------------------
357
1538
--------------------
358
2904
--------------------
359
1627
--------------------
360
3479
--------------------
361
3015
--------------------
362
2304
--------------------
363
--------------------
364
656
--------------------
365
2806
--------------------
366
527
--------------------
367
4898
--------------------
368
2559
--------------------
369
2320
--------------------
370
4835
--------------------
371
3185
--------------------
372
2734
--------------------
373
1145
--------------------
374
686
--------------------
375
2067
--------------------
376
720
--------------------
377
3412
--------------------
378
2595
--------------------
379
--------------------
380
3655
--------------------
381
2968
--------------------
382
760
--------------------
383
2994
--------------------
384
4946
--------------------
385
489
--------------------
386
3088
--------------------
387
3311
--------------------
388
2943
--------------------
389
3383
--------------------
390
2475
--------------------
391
--------------------
392
2494
--------------------
393
2361
--------------------
394
2305
--------------------
395
2896
--------------------
396
628
--------------------
397
4435
--------------------
398
3127
--------------------
399
36
2421.2023460410555
341
{0: [0, 3384], 1: [0, 2604], 2: [0, 210], 3: [2, 4999], 4: [1, 4999], 5: [0, 2837], 6: [0, 1300], 7: [0, 384], 8: [0, 4392], 9: [0, 3247], 10: [0, 4375], 11: [0, 3810], 12: [0, 3836], 13: [1, 4999], 14: [0, 4923], 15: [0, 4948], 16: [0, 1447], 17: [0, 1584], 18: [2, 4999], 19: [0, 99], 20: [0, 3773], 21: [0, 2076], 22: [0, 3851], 23: [0, 1594], 24: [2, 4999], 25: [0, 2433], 26: [0, 2328], 27: [0, 2795], 28: [0, 1972], 29: [0, 1603], 30: [0, 3735], 31: [2, 4999], 32: [0, 2017], 33: [0, 1064], 34: [0, 883], 35: [0, 2713], 36: [0, 1478], 37: [0, 1885], 38: [0, 3477], 39: [1, 4999], 40: [0, 4662], 41: [0, 998], 42: [0, 1153], 43: [0, 3803], 44: [0, 2458], 45: [0, 2950], 46: [0, 31], 47: [0, 1155], 48: [0, 3588], 49: [0, 2298], 50: [0, 2310], 51: [1, 4999], 52: [2, 4999], 53: [0, 3290], 54: [2, 4999], 55: [0, 132], 56: [0, 3078], 57: [0, 1629], 58: [0, 1243], 59: [0, 2077], 60: [0, 4232], 61: [0, 3760], 62: [2, 4999], 63: [0, 3115], 64: [0, 785], 65: [1, 4999], 66: [0, 527], 67: [0, 39], 68: [0, 3162], 69: [0, 96], 70: [0, 4414], 71: [0, 3223], 72: [0, 70], 73: [1, 4999], 74: [2, 4999], 75: [1, 4999], 76: [0, 2182], 77: [0, 973], 78: [0, 3160], 79: [1, 4999], 80: [0, 3730], 81: [0, 2221], 82: [2, 4999], 83: [0, 4451], 84: [2, 4999], 85: [0, 3207], 86: [1, 4999], 87: [0, 4379], 88: [0, 1754], 89: [0, 33], 90: [0, 4670], 91: [0, 16], 92: [0, 2785], 93: [0, 1012], 94: [0, 1320], 95: [0, 3257], 96: [0, 1024], 97: [0, 1915], 98: [0, 787], 99: [0, 1530], 100: [0, 1569], 101: [0, 2000], 102: [0, 1813], 103: [0, 1280], 104: [0, 1992], 105: [0, 975], 106: [0, 3882], 107: [0, 1741], 108: [1, 4999], 109: [2, 4999], 110: [0, 2878], 111: [2, 4999], 112: [0, 1946], 113: [0, 2183], 114: [0, 1506], 115: [0, 4230], 116: [0, 754], 117: [0, 2221], 118: [0, 2792], 119: [0, 4226], 120: [0, 1355], 121: [0, 431], 122: [0, 3540], 123: [0, 142], 124: [0, 3595], 125: [1, 4999], 126: [0, 2205], 127: [0, 9], 128: [0, 4614], 129: [0, 4243], 130: [0, 630], 131: [0, 4974], 132: [0, 3842], 133: [1, 4999], 134: [0, 3748], 135: [0, 2762], 136: [0, 555], 137: [0, 53], 138: [0, 2894], 139: [0, 1629], 140: [0, 40], 141: [1, 4999], 142: [0, 4000], 143: [0, 2833], 144: [2, 4999], 145: [0, 3094], 146: [0, 840], 147: [0, 4926], 148: [0, 4006], 149: [0, 51], 150: [0, 2306], 151: [0, 2925], 152: [0, 1419], 153: [2, 4999], 154: [0, 2743], 155: [0, 2899], 156: [0, 4738], 157: [0, 3508], 158: [0, 4546], 159: [0, 3937], 160: [0, 3286], 161: [0, 2250], 162: [0, 25], 163: [0, 1623], 164: [0, 31], 165: [0, 62], 166: [0, 3645], 167: [0, 2736], 168: [0, 3463], 169: [2, 4999], 170: [0, 1887], 171: [0, 1777], 172: [0, 1006], 173: [0, 2530], 174: [0, 2733], 175: [0, 1283], 176: [0, 3210], 177: [1, 4999], 178: [0, 4147], 179: [0, 2689], 180: [0, 4670], 181: [0, 2215], 182: [0, 4603], 183: [0, 2759], 184: [0, 3349], 185: [0, 4716], 186: [0, 1568], 187: [0, 3266], 188: [0, 3870], 189: [0, 1412], 190: [0, 22], 191: [0, 2248], 192: [0, 1121], 193: [0, 2455], 194: [0, 4132], 195: [2, 4999], 196: [0, 1670], 197: [0, 1823], 198: [0, 133], 199: [0, 2266], 200: [0, 1103], 201: [0, 401], 202: [0, 1891], 203: [0, 275], 204: [2, 4999], 205: [0, 2938], 206: [0, 304], 207: [0, 1573], 208: [1, 4999], 209: [0, 2713], 210: [0, 2875], 211: [0, 3425], 212: [0, 2327], 213: [0, 4117], 214: [0, 1783], 215: [0, 10], 216: [0, 2860], 217: [0, 4228], 218: [0, 1267], 219: [0, 2927], 220: [0, 4685], 221: [1, 4999], 222: [0, 2449], 223: [0, 1982], 224: [0, 261], 225: [0, 1532], 226: [2, 4999], 227: [1, 4999], 228: [0, 1734], 229: [0, 1603], 230: [1, 4999], 231: [0, 3377], 232: [1, 4999], 233: [2, 4999], 234: [0, 2629], 235: [0, 1078], 236: [0, 1680], 237: [0, 4165], 238: [0, 3309], 239: [0, 4509], 240: [0, 3823], 241: [0, 2148], 242: [0, 1498], 243: [0, 1940], 244: [0, 4901], 245: [0, 1846], 246: [0, 3487], 247: [0, 2158], 248: [0, 2890], 249: [1, 4999], 250: [0, 3499], 251: [0, 3050], 252: [0, 3153], 253: [0, 1545], 254: [0, 1272], 255: [0, 40], 256: [0, 2872], 257: [2, 4999], 258: [0, 599], 259: [0, 471], 260: [0, 3621], 261: [0, 3322], 262: [0, 3285], 263: [0, 4342], 264: [0, 4929], 265: [0, 3999], 266: [0, 150], 267: [0, 4108], 268: [0, 1746], 269: [0, 909], 270: [0, 2893], 271: [0, 4528], 272: [0, 4412], 273: [0, 3306], 274: [1, 4999], 275: [0, 1970], 276: [0, 2211], 277: [0, 1014], 278: [2, 4999], 279: [0, 3609], 280: [0, 2314], 281: [0, 3308], 282: [0, 1726], 283: [0, 1369], 284: [0, 4044], 285: [0, 3911], 286: [0, 4908], 287: [0, 3116], 288: [0, 3345], 289: [0, 2973], 290: [0, 1658], 291: [0, 2025], 292: [2, 4999], 293: [0, 4275], 294: [0, 2243], 295: [0, 789], 296: [0, 18], 297: [0, 1621], 298: [0, 2098], 299: [0, 2816], 300: [0, 3208], 301: [2, 4999], 302: [0, 1835], 303: [0, 185], 304: [0, 4065], 305: [1, 4999], 306: [0, 3528], 307: [1, 4999], 308: [0, 3852], 309: [0, 822], 310: [0, 2310], 311: [0, 1527], 312: [2, 4999], 313: [0, 1451], 314: [1, 4999], 315: [1, 4999], 316: [0, 4881], 317: [0, 1660], 318: [0, 19], 319: [0, 552], 320: [0, 2478], 321: [1, 4999], 322: [1, 4999], 323: [1, 4999], 324: [0, 1606], 325: [0, 2703], 326: [1, 4999], 327: [0, 1832], 328: [0, 3907], 329: [0, 3746], 330: [1, 4999], 331: [0, 1751], 332: [0, 3977], 333: [0, 1235], 334: [0, 3162], 335: [0, 3380], 336: [0, 2348], 337: [1, 4999], 338: [0, 3353], 339: [0, 1117], 340: [0, 4667], 341: [0, 2835], 342: [0, 3836], 343: [0, 1228], 344: [0, 2722], 345: [0, 2578], 346: [0, 2088], 347: [0, 3355], 348: [0, 4016], 349: [0, 1168], 350: [0, 1066], 351: [0, 3122], 352: [0, 3089], 353: [0, 101], 354: [0, 4790], 355: [1, 4999], 356: [0, 618], 357: [0, 1538], 358: [0, 2904], 359: [0, 1627], 360: [0, 3479], 361: [0, 3015], 362: [0, 2304], 363: [1, 4999], 364: [0, 656], 365: [0, 2806], 366: [0, 527], 367: [0, 4898], 368: [0, 2559], 369: [0, 2320], 370: [0, 4835], 371: [0, 3185], 372: [0, 2734], 373: [0, 1145], 374: [0, 686], 375: [0, 2067], 376: [0, 720], 377: [0, 3412], 378: [0, 2595], 379: [2, 4999], 380: [0, 3655], 381: [0, 2968], 382: [0, 760], 383: [0, 2994], 384: [0, 4946], 385: [0, 489], 386: [0, 3088], 387: [0, 3311], 388: [0, 2943], 389: [0, 3383], 390: [0, 2475], 391: [2, 4999], 392: [0, 2494], 393: [0, 2361], 394: [0, 2305], 395: [0, 2896], 396: [0, 628], 397: [0, 4435], 398: [0, 3127], 399: [0, 36]}
