[1, 2, 10, 36, 27, 7, 0]
[1, 2, 10, 36, 27, 7, 0]
--------------------
0
3371
--------------------
1
2104
--------------------
2
1186
--------------------
3
4317
--------------------
4
3786
--------------------
5
--------------------
6
806
--------------------
7
2507
--------------------
8
4463
--------------------
9
4933
--------------------
10
3019
--------------------
11
--------------------
12
4457
--------------------
13
1267
--------------------
14
--------------------
15
2411
--------------------
16
1314
--------------------
17
2641
--------------------
18
4493
--------------------
19
1057
--------------------
20
4876
--------------------
21
3732
--------------------
22
2993
--------------------
23
4270
--------------------
24
4326
--------------------
25
224
--------------------
26
2493
--------------------
27
4200
--------------------
28
--------------------
29
2359
--------------------
30
3537
--------------------
31
4599
--------------------
32
18
--------------------
33
1108
--------------------
34
481
--------------------
35
3026
--------------------
36
542
--------------------
37
3753
--------------------
38
--------------------
39
3640
--------------------
40
--------------------
41
441
--------------------
42
--------------------
43
78
--------------------
44
1938
--------------------
45
1960
--------------------
46
11
--------------------
47
3361
--------------------
48
3684
--------------------
49
2145
--------------------
50
4495
--------------------
51
4776
--------------------
52
--------------------
53
--------------------
54
1702
--------------------
55
60
--------------------
56
3218
--------------------
57
2060
--------------------
58
1310
--------------------
59
--------------------
60
2473
--------------------
61
3851
--------------------
62
3028
--------------------
63
2041
--------------------
64
4212
--------------------
65
1263
--------------------
66
539
--------------------
67
17
--------------------
68
4770
--------------------
69
278
--------------------
70
--------------------
71
2897
--------------------
72
522
--------------------
73
3253
--------------------
74
2250
--------------------
75
--------------------
76
2321
--------------------
77
--------------------
78
4503
--------------------
79
--------------------
80
4036
--------------------
81
2808
--------------------
82
--------------------
83
--------------------
84
2507
--------------------
85
2658
--------------------
86
--------------------
87
4680
--------------------
88
--------------------
89
8
--------------------
90
3502
--------------------
91
82
--------------------
92
4099
--------------------
93
--------------------
94
1722
--------------------
95
2333
--------------------
96
--------------------
97
--------------------
98
1960
--------------------
99
3468
--------------------
100
3480
--------------------
101
3755
--------------------
102
2047
--------------------
103
3180
--------------------
104
--------------------
105
1769
--------------------
106
1039
--------------------
107
534
--------------------
108
3994
--------------------
109
2656
--------------------
110
2781
--------------------
111
4366
--------------------
112
2174
--------------------
113
--------------------
114
--------------------
115
1027
--------------------
116
2938
--------------------
117
4964
--------------------
118
4215
--------------------
119
2412
--------------------
120
2966
--------------------
121
867
--------------------
122
--------------------
123
15
--------------------
124
2138
--------------------
125
--------------------
126
2137
--------------------
127
447
--------------------
128
--------------------
129
4347
--------------------
130
2915
--------------------
131
3606
--------------------
132
4791
--------------------
133
3237
--------------------
134
--------------------
135
3349
--------------------
136
1514
--------------------
137
829
--------------------
138
4625
--------------------
139
4961
--------------------
140
14
--------------------
141
2968
--------------------
142
2360
--------------------
143
--------------------
144
3616
--------------------
145
3543
--------------------
146
4331
--------------------
147
2897
--------------------
148
3862
--------------------
149
483
--------------------
150
2076
--------------------
151
2055
--------------------
152
--------------------
153
3848
--------------------
154
2910
--------------------
155
3378
--------------------
156
2845
--------------------
157
3454
--------------------
158
2692
--------------------
159
--------------------
160
2391
--------------------
161
3072
--------------------
162
64
--------------------
163
3121
--------------------
164
414
--------------------
165
1652
--------------------
166
3072
--------------------
167
--------------------
168
4325
--------------------
169
2516
--------------------
170
934
--------------------
171
3765
--------------------
172
1350
--------------------
173
169
--------------------
174
2040
--------------------
175
4086
--------------------
176
1369
--------------------
177
--------------------
178
--------------------
179
2678
--------------------
180
3894
--------------------
181
1776
--------------------
182
4909
--------------------
183
--------------------
184
1957
--------------------
185
4218
--------------------
186
1539
--------------------
187
1750
--------------------
188
4625
--------------------
189
--------------------
190
61
--------------------
191
2686
--------------------
192
3902
--------------------
193
926
--------------------
194
--------------------
195
2366
--------------------
196
493
--------------------
197
756
--------------------
198
35
--------------------
199
686
--------------------
200
1305
--------------------
201
762
--------------------
202
2443
--------------------
203
225
--------------------
204
2191
--------------------
205
4564
--------------------
206
983
--------------------
207
553
--------------------
208
--------------------
209
2116
--------------------
210
2835
--------------------
211
821
--------------------
212
--------------------
213
3194
--------------------
214
3154
--------------------
215
281
--------------------
216
--------------------
217
--------------------
218
1430
--------------------
219
--------------------
220
2362
--------------------
221
1442
--------------------
222
4982
--------------------
223
205
--------------------
224
590
--------------------
225
4379
--------------------
226
3931
--------------------
227
2318
--------------------
228
--------------------
229
1600
--------------------
230
--------------------
231
--------------------
232
--------------------
233
2732
--------------------
234
1105
--------------------
235
1814
--------------------
236
3078
--------------------
237
3031
--------------------
238
1649
--------------------
239
2544
--------------------
240
1305
--------------------
241
1487
--------------------
242
576
--------------------
243
2550
--------------------
244
2178
--------------------
245
1038
--------------------
246
1397
--------------------
247
--------------------
248
2193
--------------------
249
3578
--------------------
250
3785
--------------------
251
3540
--------------------
252
3785
--------------------
253
3260
--------------------
254
1324
--------------------
255
1585
--------------------
256
3773
--------------------
257
3379
--------------------
258
176
--------------------
259
973
--------------------
260
2127
--------------------
261
2594
--------------------
262
--------------------
263
4692
--------------------
264
4431
--------------------
265
4255
--------------------
266
109
--------------------
267
2765
--------------------
268
1515
--------------------
269
38
--------------------
270
3434
--------------------
271
3136
--------------------
272
--------------------
273
2543
--------------------
274
4624
--------------------
275
3786
--------------------
276
2807
--------------------
277
173
--------------------
278
--------------------
279
--------------------
280
--------------------
281
3455
--------------------
282
470
--------------------
283
1551
--------------------
284
--------------------
285
1953
--------------------
286
2939
--------------------
287
1677
--------------------
288
3163
--------------------
289
--------------------
290
1423
--------------------
291
4912
--------------------
292
2558
--------------------
293
3344
--------------------
294
3999
--------------------
295
--------------------
296
727
--------------------
297
--------------------
298
4212
--------------------
299
2911
--------------------
300
--------------------
301
2011
--------------------
302
2864
--------------------
303
520
--------------------
304
1713
--------------------
305
--------------------
306
2429
--------------------
307
2645
--------------------
308
4312
--------------------
309
138
--------------------
310
1900
--------------------
311
3366
--------------------
312
2403
--------------------
313
2059
--------------------
314
3909
--------------------
315
4951
--------------------
316
--------------------
317
3087
--------------------
318
106
--------------------
319
2210
--------------------
320
2851
--------------------
321
--------------------
322
--------------------
323
2664
--------------------
324
4550
--------------------
325
3449
--------------------
326
3595
--------------------
327
335
--------------------
328
3555
--------------------
329
916
--------------------
330
1153
--------------------
331
1498
--------------------
332
4665
--------------------
333
2564
--------------------
334
2335
--------------------
335
2584
--------------------
336
1795
--------------------
337
4915
--------------------
338
1697
--------------------
339
4261
--------------------
340
4926
--------------------
341
3083
--------------------
342
2542
--------------------
343
3345
--------------------
344
1263
--------------------
345
2300
--------------------
346
1022
--------------------
347
1798
--------------------
348
--------------------
349
3180
--------------------
350
3546
--------------------
351
2213
--------------------
352
4206
--------------------
353
22
--------------------
354
4711
--------------------
355
2274
--------------------
356
469
--------------------
357
3617
--------------------
358
3281
--------------------
359
66
--------------------
360
--------------------
361
--------------------
362
2120
--------------------
363
--------------------
364
104
--------------------
365
2154
--------------------
366
96
--------------------
367
120
--------------------
368
4181
--------------------
369
3458
--------------------
370
3282
--------------------
371
--------------------
372
--------------------
373
2840
--------------------
374
292
--------------------
375
--------------------
376
2395
--------------------
377
--------------------
378
2767
--------------------
379
4151
--------------------
380
4898
--------------------
381
--------------------
382
1339
--------------------
383
2539
--------------------
384
2593
--------------------
385
12
--------------------
386
3616
--------------------
387
--------------------
388
3366
--------------------
389
4429
--------------------
390
3897
--------------------
391
--------------------
392
3378
--------------------
393
3656
--------------------
394
--------------------
395
2242
--------------------
396
1393
--------------------
397
4647
--------------------
398
1878
--------------------
399
142
2481.0733944954127
327
{0: [0, 3371], 1: [0, 2104], 2: [0, 1186], 3: [0, 4317], 4: [0, 3786], 5: [1, 4999], 6: [0, 806], 7: [0, 2507], 8: [0, 4463], 9: [0, 4933], 10: [0, 3019], 11: [2, 4999], 12: [0, 4457], 13: [0, 1267], 14: [1, 4999], 15: [0, 2411], 16: [0, 1314], 17: [0, 2641], 18: [0, 4493], 19: [0, 1057], 20: [0, 4876], 21: [0, 3732], 22: [0, 2993], 23: [0, 4270], 24: [0, 4326], 25: [0, 224], 26: [0, 2493], 27: [0, 4200], 28: [2, 4999], 29: [0, 2359], 30: [0, 3537], 31: [0, 4599], 32: [0, 18], 33: [0, 1108], 34: [0, 481], 35: [0, 3026], 36: [0, 542], 37: [0, 3753], 38: [2, 4999], 39: [0, 3640], 40: [1, 4999], 41: [0, 441], 42: [2, 4999], 43: [0, 78], 44: [0, 1938], 45: [0, 1960], 46: [0, 11], 47: [0, 3361], 48: [0, 3684], 49: [0, 2145], 50: [0, 4495], 51: [0, 4776], 52: [1, 4999], 53: [2, 4999], 54: [0, 1702], 55: [0, 60], 56: [0, 3218], 57: [0, 2060], 58: [0, 1310], 59: [1, 4999], 60: [0, 2473], 61: [0, 3851], 62: [0, 3028], 63: [0, 2041], 64: [0, 4212], 65: [0, 1263], 66: [0, 539], 67: [0, 17], 68: [0, 4770], 69: [0, 278], 70: [2, 4999], 71: [0, 2897], 72: [0, 522], 73: [0, 3253], 74: [0, 2250], 75: [1, 4999], 76: [0, 2321], 77: [1, 4999], 78: [0, 4503], 79: [2, 4999], 80: [0, 4036], 81: [0, 2808], 82: [1, 4999], 83: [1, 4999], 84: [0, 2507], 85: [0, 2658], 86: [1, 4999], 87: [0, 4680], 88: [2, 4999], 89: [0, 8], 90: [0, 3502], 91: [0, 82], 92: [0, 4099], 93: [2, 4999], 94: [0, 1722], 95: [0, 2333], 96: [2, 4999], 97: [1, 4999], 98: [0, 1960], 99: [0, 3468], 100: [0, 3480], 101: [0, 3755], 102: [0, 2047], 103: [0, 3180], 104: [2, 4999], 105: [0, 1769], 106: [0, 1039], 107: [0, 534], 108: [0, 3994], 109: [0, 2656], 110: [0, 2781], 111: [0, 4366], 112: [0, 2174], 113: [2, 4999], 114: [2, 4999], 115: [0, 1027], 116: [0, 2938], 117: [0, 4964], 118: [0, 4215], 119: [0, 2412], 120: [0, 2966], 121: [0, 867], 122: [1, 4999], 123: [0, 15], 124: [0, 2138], 125: [2, 4999], 126: [0, 2137], 127: [0, 447], 128: [2, 4999], 129: [0, 4347], 130: [0, 2915], 131: [0, 3606], 132: [0, 4791], 133: [0, 3237], 134: [2, 4999], 135: [0, 3349], 136: [0, 1514], 137: [0, 829], 138: [0, 4625], 139: [0, 4961], 140: [0, 14], 141: [0, 2968], 142: [0, 2360], 143: [2, 4999], 144: [0, 3616], 145: [0, 3543], 146: [0, 4331], 147: [0, 2897], 148: [0, 3862], 149: [0, 483], 150: [0, 2076], 151: [0, 2055], 152: [1, 4999], 153: [0, 3848], 154: [0, 2910], 155: [0, 3378], 156: [0, 2845], 157: [0, 3454], 158: [0, 2692], 159: [1, 4999], 160: [0, 2391], 161: [0, 3072], 162: [0, 64], 163: [0, 3121], 164: [0, 414], 165: [0, 1652], 166: [0, 3072], 167: [2, 4999], 168: [0, 4325], 169: [0, 2516], 170: [0, 934], 171: [0, 3765], 172: [0, 1350], 173: [0, 169], 174: [0, 2040], 175: [0, 4086], 176: [0, 1369], 177: [2, 4999], 178: [2, 4999], 179: [0, 2678], 180: [0, 3894], 181: [0, 1776], 182: [0, 4909], 183: [1, 4999], 184: [0, 1957], 185: [0, 4218], 186: [0, 1539], 187: [0, 1750], 188: [0, 4625], 189: [2, 4999], 190: [0, 61], 191: [0, 2686], 192: [0, 3902], 193: [0, 926], 194: [1, 4999], 195: [0, 2366], 196: [0, 493], 197: [0, 756], 198: [0, 35], 199: [0, 686], 200: [0, 1305], 201: [0, 762], 202: [0, 2443], 203: [0, 225], 204: [0, 2191], 205: [0, 4564], 206: [0, 983], 207: [0, 553], 208: [1, 4999], 209: [0, 2116], 210: [0, 2835], 211: [0, 821], 212: [1, 4999], 213: [0, 3194], 214: [0, 3154], 215: [0, 281], 216: [2, 4999], 217: [1, 4999], 218: [0, 1430], 219: [1, 4999], 220: [0, 2362], 221: [0, 1442], 222: [0, 4982], 223: [0, 205], 224: [0, 590], 225: [0, 4379], 226: [0, 3931], 227: [0, 2318], 228: [1, 4999], 229: [0, 1600], 230: [1, 4999], 231: [2, 4999], 232: [2, 4999], 233: [0, 2732], 234: [0, 1105], 235: [0, 1814], 236: [0, 3078], 237: [0, 3031], 238: [0, 1649], 239: [0, 2544], 240: [0, 1305], 241: [0, 1487], 242: [0, 576], 243: [0, 2550], 244: [0, 2178], 245: [0, 1038], 246: [0, 1397], 247: [2, 4999], 248: [0, 2193], 249: [0, 3578], 250: [0, 3785], 251: [0, 3540], 252: [0, 3785], 253: [0, 3260], 254: [0, 1324], 255: [0, 1585], 256: [0, 3773], 257: [0, 3379], 258: [0, 176], 259: [0, 973], 260: [0, 2127], 261: [0, 2594], 262: [1, 4999], 263: [0, 4692], 264: [0, 4431], 265: [0, 4255], 266: [0, 109], 267: [0, 2765], 268: [0, 1515], 269: [0, 38], 270: [0, 3434], 271: [0, 3136], 272: [2, 4999], 273: [0, 2543], 274: [0, 4624], 275: [0, 3786], 276: [0, 2807], 277: [0, 173], 278: [1, 4999], 279: [2, 4999], 280: [1, 4999], 281: [0, 3455], 282: [0, 470], 283: [0, 1551], 284: [1, 4999], 285: [0, 1953], 286: [0, 2939], 287: [0, 1677], 288: [0, 3163], 289: [1, 4999], 290: [0, 1423], 291: [0, 4912], 292: [0, 2558], 293: [0, 3344], 294: [0, 3999], 295: [2, 4999], 296: [0, 727], 297: [1, 4999], 298: [0, 4212], 299: [0, 2911], 300: [2, 4999], 301: [0, 2011], 302: [0, 2864], 303: [0, 520], 304: [0, 1713], 305: [1, 4999], 306: [0, 2429], 307: [0, 2645], 308: [0, 4312], 309: [0, 138], 310: [0, 1900], 311: [0, 3366], 312: [0, 2403], 313: [0, 2059], 314: [0, 3909], 315: [0, 4951], 316: [1, 4999], 317: [0, 3087], 318: [0, 106], 319: [0, 2210], 320: [0, 2851], 321: [2, 4999], 322: [2, 4999], 323: [0, 2664], 324: [0, 4550], 325: [0, 3449], 326: [0, 3595], 327: [0, 335], 328: [0, 3555], 329: [0, 916], 330: [0, 1153], 331: [0, 1498], 332: [0, 4665], 333: [0, 2564], 334: [0, 2335], 335: [0, 2584], 336: [0, 1795], 337: [0, 4915], 338: [0, 1697], 339: [0, 4261], 340: [0, 4926], 341: [0, 3083], 342: [0, 2542], 343: [0, 3345], 344: [0, 1263], 345: [0, 2300], 346: [0, 1022], 347: [0, 1798], 348: [1, 4999], 349: [0, 3180], 350: [0, 3546], 351: [0, 2213], 352: [0, 4206], 353: [0, 22], 354: [0, 4711], 355: [0, 2274], 356: [0, 469], 357: [0, 3617], 358: [0, 3281], 359: [0, 66], 360: [2, 4999], 361: [2, 4999], 362: [0, 2120], 363: [2, 4999], 364: [0, 104], 365: [0, 2154], 366: [0, 96], 367: [0, 120], 368: [0, 4181], 369: [0, 3458], 370: [0, 3282], 371: [2, 4999], 372: [2, 4999], 373: [0, 2840], 374: [0, 292], 375: [2, 4999], 376: [0, 2395], 377: [1, 4999], 378: [0, 2767], 379: [0, 4151], 380: [0, 4898], 381: [2, 4999], 382: [0, 1339], 383: [0, 2539], 384: [0, 2593], 385: [0, 12], 386: [0, 3616], 387: [2, 4999], 388: [0, 3366], 389: [0, 4429], 390: [0, 3897], 391: [1, 4999], 392: [0, 3378], 393: [0, 3656], 394: [2, 4999], 395: [0, 2242], 396: [0, 1393], 397: [0, 4647], 398: [0, 1878], 399: [0, 142]}
