[1, 2, 10, 36, 27, 7, 0]
--------------------
0
1952
--------------------
1
--------------------
2
--------------------
3
3710
--------------------
4
--------------------
5
912
--------------------
6
2681
--------------------
7
1539
--------------------
8
--------------------
9
--------------------
10
2125
--------------------
11
--------------------
12
--------------------
13
--------------------
14
--------------------
15
--------------------
16
3263
--------------------
17
4474
--------------------
18
3975
--------------------
19
--------------------
20
--------------------
21
2639
--------------------
22
--------------------
23
--------------------
24
--------------------
25
1152
--------------------
26
--------------------
27
--------------------
28
--------------------
29
3459
--------------------
30
1967
--------------------
31
--------------------
32
--------------------
33
3203
--------------------
34
1676
--------------------
35
2455
--------------------
36
375
--------------------
37
--------------------
38
--------------------
39
--------------------
40
3011
--------------------
41
4132
--------------------
42
4098
--------------------
43
--------------------
44
--------------------
45
--------------------
46
--------------------
47
1806
--------------------
48
--------------------
49
--------------------
50
4974
--------------------
51
3784
--------------------
52
--------------------
53
3461
--------------------
54
--------------------
55
--------------------
56
3013
--------------------
57
--------------------
58
3468
--------------------
59
--------------------
60
--------------------
61
--------------------
62
4207
--------------------
63
--------------------
64
--------------------
65
--------------------
66
--------------------
67
--------------------
68
--------------------
69
--------------------
70
--------------------
71
2525
--------------------
72
--------------------
73
--------------------
74
--------------------
75
--------------------
76
4738
--------------------
77
2995
--------------------
78
--------------------
79
--------------------
80
2754
--------------------
81
3002
--------------------
82
--------------------
83
4393
--------------------
84
--------------------
85
3513
--------------------
86
--------------------
87
--------------------
88
--------------------
89
--------------------
90
--------------------
91
--------------------
92
3907
--------------------
93
--------------------
94
1934
--------------------
95
3130
--------------------
96
1925
--------------------
97
--------------------
98
2669
--------------------
99
--------------------
100
--------------------
101
2335
--------------------
102
--------------------
103
--------------------
104
--------------------
105
3667
--------------------
106
3969
--------------------
107
--------------------
108
--------------------
109
--------------------
110
--------------------
111
4069
--------------------
112
--------------------
113
--------------------
114
--------------------
115
4376
--------------------
116
--------------------
117
--------------------
118
--------------------
119
--------------------
120
2802
--------------------
121
--------------------
122
2779
--------------------
123
--------------------
124
--------------------
125
--------------------
126
3491
--------------------
127
--------------------
128
--------------------
129
3204
--------------------
130
3257
--------------------
131
--------------------
132
--------------------
133
--------------------
134
--------------------
135
--------------------
136
2360
--------------------
137
--------------------
138
--------------------
139
--------------------
140
--------------------
141
2892
--------------------
142
4574
--------------------
143
--------------------
144
--------------------
145
--------------------
146
1304
--------------------
147
--------------------
148
--------------------
149
--------------------
150
109
--------------------
151
--------------------
152
--------------------
153
--------------------
154
4661
--------------------
155
4668
--------------------
156
--------------------
157
3790
--------------------
158
2887
--------------------
159
4928
--------------------
160
--------------------
161
3303
--------------------
162
--------------------
163
4348
--------------------
164
--------------------
165
--------------------
166
--------------------
167
--------------------
168
--------------------
169
--------------------
170
2167
--------------------
171
2996
--------------------
172
1719
--------------------
173
352
--------------------
174
4218
--------------------
175
--------------------
176
--------------------
177
--------------------
178
--------------------
179
--------------------
180
4047
--------------------
181
1544
--------------------
182
--------------------
183
--------------------
184
--------------------
185
4898
--------------------
186
715
--------------------
187
1352
--------------------
188
--------------------
189
--------------------
190
--------------------
191
2047
--------------------
192
1992
--------------------
193
2199
--------------------
194
3031
--------------------
195
--------------------
196
1630
--------------------
197
3001
--------------------
198
--------------------
199
2329
--------------------
200
--------------------
201
--------------------
202
--------------------
203
--------------------
204
--------------------
205
4004
--------------------
206
--------------------
207
1328
--------------------
208
--------------------
209
--------------------
210
2222
--------------------
211
1349
--------------------
212
--------------------
213
--------------------
214
2617
--------------------
215
--------------------
216
4257
--------------------
217
--------------------
218
--------------------
219
--------------------
220
--------------------
221
--------------------
222
--------------------
223
329
--------------------
224
--------------------
225
--------------------
226
--------------------
227
--------------------
228
3017
--------------------
229
2061
--------------------
230
--------------------
231
--------------------
232
--------------------
233
--------------------
234
--------------------
235
3931
--------------------
236
2078
--------------------
237
--------------------
238
1925
--------------------
239
2883
--------------------
240
--------------------
241
4154
--------------------
242
2761
--------------------
243
1535
--------------------
244
--------------------
245
--------------------
246
--------------------
247
--------------------
248
--------------------
249
--------------------
250
--------------------
251
--------------------
252
--------------------
253
975
--------------------
254
2664
--------------------
255
--------------------
256
--------------------
257
--------------------
258
--------------------
259
--------------------
260
4263
--------------------
261
2581
--------------------
262
--------------------
263
3638
--------------------
264
--------------------
265
--------------------
266
--------------------
267
--------------------
268
3748
--------------------
269
--------------------
270
4240
--------------------
271
4451
--------------------
272
--------------------
273
--------------------
274
--------------------
275
4829
--------------------
276
4671
--------------------
277
--------------------
278
--------------------
279
--------------------
280
--------------------
281
--------------------
282
--------------------
283
--------------------
284
--------------------
285
3046
--------------------
286
2647
--------------------
287
2901
--------------------
288
4289
--------------------
289
--------------------
290
3772
--------------------
291
--------------------
292
--------------------
293
--------------------
294
--------------------
295
--------------------
296
--------------------
297
3102
--------------------
298
--------------------
299
--------------------
300
4794
--------------------
301
--------------------
302
1851
--------------------
303
--------------------
304
--------------------
305
3975
--------------------
306
1244
--------------------
307
--------------------
308
--------------------
309
--------------------
310
1908
--------------------
311
--------------------
312
--------------------
313
--------------------
314
--------------------
315
--------------------
316
--------------------
317
--------------------
318
--------------------
319
--------------------
320
--------------------
321
3511
--------------------
322
--------------------
323
--------------------
324
4781
--------------------
325
2187
--------------------
326
--------------------
327
--------------------
328
--------------------
329
--------------------
330
--------------------
331
--------------------
332
--------------------
333
2173
--------------------
334
--------------------
335
4622
--------------------
336
--------------------
337
4672
--------------------
338
--------------------
339
--------------------
340
--------------------
341
4265
--------------------
342
1757
--------------------
343
--------------------
344
1033
--------------------
345
--------------------
346
1810
--------------------
347
1775
--------------------
348
--------------------
349
--------------------
350
4706
--------------------
351
4599
--------------------
352
--------------------
353
--------------------
354
--------------------
355
--------------------
356
--------------------
357
--------------------
358
--------------------
359
--------------------
360
--------------------
361
--------------------
362
2067
--------------------
363
--------------------
364
--------------------
365
--------------------
366
--------------------
367
--------------------
368
4843
--------------------
369
4927
--------------------
370
--------------------
371
3836
--------------------
372
4887
--------------------
373
--------------------
374
2102
--------------------
375
--------------------
376
4128
--------------------
377
--------------------
378
--------------------
379
--------------------
380
--------------------
381
--------------------
382
--------------------
383
--------------------
384
4775
--------------------
385
--------------------
386
--------------------
387
3030
--------------------
388
3304
--------------------
389
4440
--------------------
390
2064
--------------------
391
2603
--------------------
392
--------------------
393
2170
--------------------
394
--------------------
395
4276
--------------------
396
--------------------
397
--------------------
398
4512
--------------------
399
3047.9236111111113
144
{0: [0, 1952], 1: [2, 4999], 2: [2, 4999], 3: [0, 3710], 4: [2, 4999], 5: [0, 912], 6: [0, 2681], 7: [0, 1539], 8: [2, 4999], 9: [2, 4999], 10: [0, 2125], 11: [2, 4999], 12: [1, 4999], 13: [2, 4999], 14: [2, 4999], 15: [2, 4999], 16: [0, 3263], 17: [0, 4474], 18: [0, 3975], 19: [2, 4999], 20: [2, 4999], 21: [0, 2639], 22: [2, 4999], 23: [2, 4999], 24: [2, 4999], 25: [0, 1152], 26: [2, 4999], 27: [2, 4999], 28: [2, 4999], 29: [0, 3459], 30: [0, 1967], 31: [2, 4999], 32: [2, 4999], 33: [0, 3203], 34: [0, 1676], 35: [0, 2455], 36: [0, 375], 37: [2, 4999], 38: [2, 4999], 39: [1, 4999], 40: [0, 3011], 41: [0, 4132], 42: [0, 4098], 43: [2, 4999], 44: [2, 4999], 45: [1, 4999], 46: [2, 4999], 47: [0, 1806], 48: [2, 4999], 49: [2, 4999], 50: [0, 4974], 51: [0, 3784], 52: [2, 4999], 53: [0, 3461], 54: [2, 4999], 55: [2, 4999], 56: [0, 3013], 57: [2, 4999], 58: [0, 3468], 59: [2, 4999], 60: [2, 4999], 61: [2, 4999], 62: [0, 4207], 63: [1, 4999], 64: [2, 4999], 65: [2, 4999], 66: [2, 4999], 67: [2, 4999], 68: [2, 4999], 69: [2, 4999], 70: [2, 4999], 71: [0, 2525], 72: [2, 4999], 73: [2, 4999], 74: [2, 4999], 75: [2, 4999], 76: [0, 4738], 77: [0, 2995], 78: [2, 4999], 79: [2, 4999], 80: [0, 2754], 81: [0, 3002], 82: [2, 4999], 83: [0, 4393], 84: [2, 4999], 85: [0, 3513], 86: [2, 4999], 87: [2, 4999], 88: [2, 4999], 89: [2, 4999], 90: [2, 4999], 91: [2, 4999], 92: [0, 3907], 93: [2, 4999], 94: [0, 1934], 95: [0, 3130], 96: [0, 1925], 97: [2, 4999], 98: [0, 2669], 99: [2, 4999], 100: [2, 4999], 101: [0, 2335], 102: [1, 4999], 103: [2, 4999], 104: [2, 4999], 105: [0, 3667], 106: [0, 3969], 107: [2, 4999], 108: [2, 4999], 109: [2, 4999], 110: [2, 4999], 111: [0, 4069], 112: [2, 4999], 113: [2, 4999], 114: [2, 4999], 115: [0, 4376], 116: [2, 4999], 117: [2, 4999], 118: [2, 4999], 119: [2, 4999], 120: [0, 2802], 121: [2, 4999], 122: [0, 2779], 123: [2, 4999], 124: [2, 4999], 125: [2, 4999], 126: [0, 3491], 127: [2, 4999], 128: [2, 4999], 129: [0, 3204], 130: [0, 3257], 131: [2, 4999], 132: [1, 4999], 133: [2, 4999], 134: [2, 4999], 135: [2, 4999], 136: [0, 2360], 137: [2, 4999], 138: [2, 4999], 139: [2, 4999], 140: [2, 4999], 141: [0, 2892], 142: [0, 4574], 143: [2, 4999], 144: [2, 4999], 145: [2, 4999], 146: [0, 1304], 147: [2, 4999], 148: [2, 4999], 149: [2, 4999], 150: [0, 109], 151: [2, 4999], 152: [2, 4999], 153: [2, 4999], 154: [0, 4661], 155: [0, 4668], 156: [2, 4999], 157: [0, 3790], 158: [0, 2887], 159: [0, 4928], 160: [2, 4999], 161: [0, 3303], 162: [2, 4999], 163: [0, 4348], 164: [2, 4999], 165: [2, 4999], 166: [2, 4999], 167: [2, 4999], 168: [2, 4999], 169: [2, 4999], 170: [0, 2167], 171: [0, 2996], 172: [0, 1719], 173: [0, 352], 174: [0, 4218], 175: [2, 4999], 176: [2, 4999], 177: [2, 4999], 178: [1, 4999], 179: [2, 4999], 180: [0, 4047], 181: [0, 1544], 182: [2, 4999], 183: [2, 4999], 184: [2, 4999], 185: [0, 4898], 186: [0, 715], 187: [0, 1352], 188: [2, 4999], 189: [2, 4999], 190: [2, 4999], 191: [0, 2047], 192: [0, 1992], 193: [0, 2199], 194: [0, 3031], 195: [2, 4999], 196: [0, 1630], 197: [0, 3001], 198: [2, 4999], 199: [0, 2329], 200: [2, 4999], 201: [2, 4999], 202: [2, 4999], 203: [2, 4999], 204: [2, 4999], 205: [0, 4004], 206: [2, 4999], 207: [0, 1328], 208: [2, 4999], 209: [1, 4999], 210: [0, 2222], 211: [0, 1349], 212: [2, 4999], 213: [2, 4999], 214: [0, 2617], 215: [2, 4999], 216: [0, 4257], 217: [2, 4999], 218: [1, 4999], 219: [2, 4999], 220: [2, 4999], 221: [2, 4999], 222: [2, 4999], 223: [0, 329], 224: [2, 4999], 225: [2, 4999], 226: [2, 4999], 227: [2, 4999], 228: [0, 3017], 229: [0, 2061], 230: [2, 4999], 231: [2, 4999], 232: [2, 4999], 233: [2, 4999], 234: [1, 4999], 235: [0, 3931], 236: [0, 2078], 237: [1, 4999], 238: [0, 1925], 239: [0, 2883], 240: [2, 4999], 241: [0, 4154], 242: [0, 2761], 243: [0, 1535], 244: [2, 4999], 245: [1, 4999], 246: [2, 4999], 247: [2, 4999], 248: [2, 4999], 249: [2, 4999], 250: [2, 4999], 251: [2, 4999], 252: [2, 4999], 253: [0, 975], 254: [0, 2664], 255: [2, 4999], 256: [2, 4999], 257: [2, 4999], 258: [2, 4999], 259: [2, 4999], 260: [0, 4263], 261: [0, 2581], 262: [1, 4999], 263: [0, 3638], 264: [2, 4999], 265: [2, 4999], 266: [2, 4999], 267: [2, 4999], 268: [0, 3748], 269: [2, 4999], 270: [0, 4240], 271: [0, 4451], 272: [2, 4999], 273: [1, 4999], 274: [2, 4999], 275: [0, 4829], 276: [0, 4671], 277: [2, 4999], 278: [2, 4999], 279: [2, 4999], 280: [2, 4999], 281: [2, 4999], 282: [2, 4999], 283: [2, 4999], 284: [2, 4999], 285: [0, 3046], 286: [0, 2647], 287: [0, 2901], 288: [0, 4289], 289: [2, 4999], 290: [0, 3772], 291: [2, 4999], 292: [2, 4999], 293: [2, 4999], 294: [2, 4999], 295: [2, 4999], 296: [2, 4999], 297: [0, 3102], 298: [1, 4999], 299: [1, 4999], 300: [0, 4794], 301: [2, 4999], 302: [0, 1851], 303: [2, 4999], 304: [2, 4999], 305: [0, 3975], 306: [0, 1244], 307: [2, 4999], 308: [2, 4999], 309: [2, 4999], 310: [0, 1908], 311: [1, 4999], 312: [2, 4999], 313: [1, 4999], 314: [2, 4999], 315: [2, 4999], 316: [2, 4999], 317: [2, 4999], 318: [2, 4999], 319: [2, 4999], 320: [2, 4999], 321: [0, 3511], 322: [2, 4999], 323: [2, 4999], 324: [0, 4781], 325: [0, 2187], 326: [2, 4999], 327: [2, 4999], 328: [2, 4999], 329: [2, 4999], 330: [2, 4999], 331: [1, 4999], 332: [2, 4999], 333: [0, 2173], 334: [2, 4999], 335: [0, 4622], 336: [2, 4999], 337: [0, 4672], 338: [2, 4999], 339: [2, 4999], 340: [2, 4999], 341: [0, 4265], 342: [0, 1757], 343: [2, 4999], 344: [0, 1033], 345: [2, 4999], 346: [0, 1810], 347: [0, 1775], 348: [2, 4999], 349: [2, 4999], 350: [0, 4706], 351: [0, 4599], 352: [2, 4999], 353: [2, 4999], 354: [2, 4999], 355: [2, 4999], 356: [2, 4999], 357: [1, 4999], 358: [2, 4999], 359: [2, 4999], 360: [2, 4999], 361: [2, 4999], 362: [0, 2067], 363: [2, 4999], 364: [2, 4999], 365: [2, 4999], 366: [2, 4999], 367: [2, 4999], 368: [0, 4843], 369: [0, 4927], 370: [1, 4999], 371: [0, 3836], 372: [0, 4887], 373: [2, 4999], 374: [0, 2102], 375: [2, 4999], 376: [0, 4128], 377: [1, 4999], 378: [2, 4999], 379: [2, 4999], 380: [2, 4999], 381: [2, 4999], 382: [2, 4999], 383: [2, 4999], 384: [0, 4775], 385: [2, 4999], 386: [2, 4999], 387: [0, 3030], 388: [0, 3304], 389: [0, 4440], 390: [0, 2064], 391: [0, 2603], 392: [2, 4999], 393: [0, 2170], 394: [2, 4999], 395: [0, 4276], 396: [2, 4999], 397: [2, 4999], 398: [0, 4512], 399: [2, 4999]}
